# JRE version: OpenJDK Runtime Environment Temurin-21.0.9+10 (21.0.9+10) (build 21.0.9+10-LTS)
# Java VM: OpenJDK 64-Bit Server VM Temurin-21.0.9+10 (21.0.9+10-LTS, mixed mode, sharing, tiered, compressed oops, compressed class ptrs, parallel gc, windows-amd64)
GC Precious Log:
 CardTable entry size: 512
 CPUs: 8 total, 8 available
 Memory: 7975M
 Large Page Support: Disabled
 NUMA Support: Disabled
 Compressed Oops: Enabled (32-bit)
 Alignments: Space 512K, Generation 512K, Heap 2M
 Heap Min Capacity: 100M
 Heap Initial Capacity: 100M
 Heap Max Capacity: 2G
 Pre-touch: Disabled
 Parallel Workers: 8
Heap:
 PSYoungGen      total 2560K, used 1880K [0x00000000d5580000, 0x00000000d5d80000, 0x0000000100000000)
  eden space 2048K, 90% used [0x00000000d5580000,0x00000000d574e008,0x00000000d5780000)
  from space 512K, 6% used [0x00000000d5c80000,0x00000000d5c88000,0x00000000d5d00000)
  to   space 512K, 0% used [0x00000000d5d00000,0x00000000d5d00000,0x00000000d5d80000)
 ParOldGen       total 1071104K, used 1070907K [0x0000000080000000, 0x00000000c1600000, 0x00000000d5580000)
  object space 1071104K, 99% used [0x0000000080000000,0x00000000c15ced20,0x00000000c1600000)
 Metaspace       used 91202K, committed 92800K, reserved 1179648K
  class space    used 9316K, committed 10048K, reserved 1048576K
GC Heap History (20 events):
Event: 305458.301 GC heap before
{Heap before GC invocations=1337 (full 5):
 PSYoungGen      total 9216K, used 8768K [0x00000000d5580000, 0x00000000d6180000, 0x0000000100000000)
  eden space 8704K, 100% used [0x00000000d5580000,0x00000000d5e00000,0x00000000d5e00000)
  from space 512K, 12% used [0x00000000d6000000,0x00000000d6010000,0x00000000d6080000)
  to   space 512K, 0% used [0x00000000d6100000,0x00000000d6100000,0x00000000d6180000)
 ParOldGen       total 1063936K, used 1063630K [0x0000000080000000, 0x00000000c0f00000, 0x00000000d5580000)
  object space 1063936K, 99% used [0x0000000080000000,0x00000000c0eb3af8,0x00000000c0f00000)
 Metaspace       used 91144K, committed 92800K, reserved 1179648K
  class space    used 9307K, committed 10048K, reserved 1048576K
}
Event: 305458.304 GC heap after
{Heap after GC invocations=1337 (full 5):
 PSYoungGen      total 9216K, used 64K [0x00000000d5580000, 0x00000000d6180000, 0x0000000100000000)
  eden space 8704K, 0% used [0x00000000d5580000,0x00000000d5580000,0x00000000d5e00000)
  from space 512K, 12% used [0x00000000d6100000,0x00000000d6110000,0x00000000d6180000)
  to   space 512K, 0% used [0x00000000d6000000,0x00000000d6000000,0x00000000d6080000)
 ParOldGen       total 1063936K, used 1063646K [0x0000000080000000, 0x00000000c0f00000, 0x00000000d5580000)
  object space 1063936K, 99% used [0x0000000080000000,0x00000000c0eb7af8,0x00000000c0f00000)
 Metaspace       used 91144K, committed 92800K, reserved 1179648K
  class space    used 9307K, committed 10048K, reserved 1048576K
}
Event: 307285.288 GC heap before
{Heap before GC invocations=1338 (full 5):
 PSYoungGen      total 9216K, used 8768K [0x00000000d5580000, 0x00000000d6180000, 0x0000000100000000)
  eden space 8704K, 100% used [0x00000000d5580000,0x00000000d5e00000,0x00000000d5e00000)
  from space 512K, 12% used [0x00000000d6100000,0x00000000d6110000,0x00000000d6180000)
  to   space 512K, 0% used [0x00000000d6000000,0x00000000d6000000,0x00000000d6080000)
 ParOldGen       total 1063936K, used 1063646K [0x0000000080000000, 0x00000000c0f00000, 0x00000000d5580000)
  object space 1063936K, 99% used [0x0000000080000000,0x00000000c0eb7af8,0x00000000c0f00000)
 Metaspace       used 91148K, committed 92800K, reserved 1179648K
  class space    used 9307K, committed 10048K, reserved 1048576K
}
Event: 307285.644 GC heap after
{Heap after GC invocations=1338 (full 5):
 PSYoungGen      total 9216K, used 493K [0x00000000d5580000, 0x00000000d6180000, 0x0000000100000000)
  eden space 8704K, 0% used [0x00000000d5580000,0x00000000d5580000,0x00000000d5e00000)
  from space 512K, 96% used [0x00000000d6000000,0x00000000d607b540,0x00000000d6080000)
  to   space 1024K, 0% used [0x00000000d6080000,0x00000000d6080000,0x00000000d6180000)
 ParOldGen       total 1064448K, used 1064092K [0x0000000080000000, 0x00000000c0f80000, 0x00000000d5580000)
  object space 1064448K, 99% used [0x0000000080000000,0x00000000c0f27008,0x00000000c0f80000)
 Metaspace       used 91148K, committed 92800K, reserved 1179648K
  class space    used 9307K, committed 10048K, reserved 1048576K
}
Event: 307285.802 GC heap before
{Heap before GC invocations=1339 (full 5):
 PSYoungGen      total 9216K, used 9197K [0x00000000d5580000, 0x00000000d6180000, 0x0000000100000000)
  eden space 8704K, 100% used [0x00000000d5580000,0x00000000d5e00000,0x00000000d5e00000)
  from space 512K, 96% used [0x00000000d6000000,0x00000000d607b540,0x00000000d6080000)
  to   space 1024K, 0% used [0x00000000d6080000,0x00000000d6080000,0x00000000d6180000)
 ParOldGen       total 1064448K, used 1064092K [0x0000000080000000, 0x00000000c0f80000, 0x00000000d5580000)
  object space 1064448K, 99% used [0x0000000080000000,0x00000000c0f27008,0x00000000c0f80000)
 Metaspace       used 91148K, committed 92800K, reserved 1179648K
  class space    used 9307K, committed 10048K, reserved 1048576K
}
Event: 307285.816 GC heap after
{Heap after GC invocations=1339 (full 5):
 PSYoungGen      total 9728K, used 992K [0x00000000d5580000, 0x00000000d6180000, 0x0000000100000000)
  eden space 8704K, 0% used [0x00000000d5580000,0x00000000d5580000,0x00000000d5e00000)
  from space 1024K, 96% used [0x00000000d6080000,0x00000000d6178000,0x00000000d6180000)
  to   space 1536K, 0% used [0x00000000d5e80000,0x00000000d5e80000,0x00000000d6000000)
 ParOldGen       total 1064960K, used 1064553K [0x0000000080000000, 0x00000000c1000000, 0x00000000d5580000)
  object space 1064960K, 99% used [0x0000000080000000,0x00000000c0f9a558,0x00000000c1000000)
 Metaspace       used 91148K, committed 92800K, reserved 1179648K
  class space    used 9307K, committed 10048K, reserved 1048576K
}
Event: 307294.286 GC heap before
{Heap before GC invocations=1340 (full 5):
 PSYoungGen      total 9728K, used 9497K [0x00000000d5580000, 0x00000000d6180000, 0x0000000100000000)
  eden space 8704K, 97% used [0x00000000d5580000,0x00000000d5dce608,0x00000000d5e00000)
  from space 1024K, 96% used [0x00000000d6080000,0x00000000d6178000,0x00000000d6180000)
  to   space 1536K, 0% used [0x00000000d5e80000,0x00000000d5e80000,0x00000000d6000000)
 ParOldGen       total 1064960K, used 1064553K [0x0000000080000000, 0x00000000c1000000, 0x00000000d5580000)
  object space 1064960K, 99% used [0x0000000080000000,0x00000000c0f9a558,0x00000000c1000000)
 Metaspace       used 91199K, committed 92800K, reserved 1179648K
  class space    used 9315K, committed 10048K, reserved 1048576K
}
Event: 307294.303 GC heap after
{Heap after GC invocations=1340 (full 5):
 PSYoungGen      total 9728K, used 1022K [0x00000000d5580000, 0x00000000d6100000, 0x0000000100000000)
  eden space 8704K, 0% used [0x00000000d5580000,0x00000000d5580000,0x00000000d5e00000)
  from space 1024K, 99% used [0x00000000d5e80000,0x00000000d5f7fb50,0x00000000d5f80000)
  to   space 1536K, 0% used [0x00000000d5f80000,0x00000000d5f80000,0x00000000d6100000)
 ParOldGen       total 1065472K, used 1065353K [0x0000000080000000, 0x00000000c1080000, 0x00000000d5580000)
  object space 1065472K, 99% used [0x0000000080000000,0x00000000c10625d8,0x00000000c1080000)
 Metaspace       used 91199K, committed 92800K, reserved 1179648K
  class space    used 9315K, committed 10048K, reserved 1048576K
}
Event: 307305.639 GC heap before
{Heap before GC invocations=1341 (full 5):
 PSYoungGen      total 9728K, used 9726K [0x00000000d5580000, 0x00000000d6100000, 0x0000000100000000)
  eden space 8704K, 99% used [0x00000000d5580000,0x00000000d5dfffd8,0x00000000d5e00000)
  from space 1024K, 99% used [0x00000000d5e80000,0x00000000d5f7fb50,0x00000000d5f80000)
  to   space 1536K, 0% used [0x00000000d5f80000,0x00000000d5f80000,0x00000000d6100000)
 ParOldGen       total 1065472K, used 1065353K [0x0000000080000000, 0x00000000c1080000, 0x00000000d5580000)
  object space 1065472K, 99% used [0x0000000080000000,0x00000000c10625d8,0x00000000c1080000)
 Metaspace       used 91199K, committed 92800K, reserved 1179648K
  class space    used 9315K, committed 10048K, reserved 1048576K
}
Event: 307305.656 GC heap after
{Heap after GC invocations=1341 (full 5):
 PSYoungGen      total 3584K, used 1526K [0x00000000d5580000, 0x00000000d6e00000, 0x0000000100000000)
  eden space 2048K, 0% used [0x00000000d5580000,0x00000000d5580000,0x00000000d5780000)
  from space 1536K, 99% used [0x00000000d5f80000,0x00000000d60fdbb8,0x00000000d6100000)
  to   space 8192K, 0% used [0x00000000d5780000,0x00000000d5780000,0x00000000d5f80000)
 ParOldGen       total 1071104K, used 1070739K [0x0000000080000000, 0x00000000c1600000, 0x00000000d5580000)
  object space 1071104K, 99% used [0x0000000080000000,0x00000000c15a4d20,0x00000000c1600000)
 Metaspace       used 91199K, committed 92800K, reserved 1179648K
  class space    used 9315K, committed 10048K, reserved 1048576K
}
Event: 313250.789 GC heap before
{Heap before GC invocations=1342 (full 5):
 PSYoungGen      total 3584K, used 3574K [0x00000000d5580000, 0x00000000d6e00000, 0x0000000100000000)
  eden space 2048K, 100% used [0x00000000d5580000,0x00000000d5780000,0x00000000d5780000)
  from space 1536K, 99% used [0x00000000d5f80000,0x00000000d60fdbb8,0x00000000d6100000)
  to   space 8192K, 0% used [0x00000000d5780000,0x00000000d5780000,0x00000000d5f80000)
 ParOldGen       total 1071104K, used 1070739K [0x0000000080000000, 0x00000000c1600000, 0x00000000d5580000)
  object space 1071104K, 99% used [0x0000000080000000,0x00000000c15a4d20,0x00000000c1600000)
 Metaspace       used 91202K, committed 92800K, reserved 1179648K
  class space    used 9316K, committed 10048K, reserved 1048576K
}
Event: 313251.445 GC heap after
{Heap after GC invocations=1342 (full 5):
 PSYoungGen      total 2560K, used 256K [0x00000000d5580000, 0x00000000d6000000, 0x0000000100000000)
  eden space 2048K, 0% used [0x00000000d5580000,0x00000000d5580000,0x00000000d5780000)
  from space 512K, 50% used [0x00000000d5780000,0x00000000d57c0000,0x00000000d5800000)
  to   space 3072K, 0% used [0x00000000d5d00000,0x00000000d5d00000,0x00000000d6000000)
 ParOldGen       total 1071104K, used 1070819K [0x0000000080000000, 0x00000000c1600000, 0x00000000d5580000)
  object space 1071104K, 99% used [0x0000000080000000,0x00000000c15b8d20,0x00000000c1600000)
 Metaspace       used 91202K, committed 92800K, reserved 1179648K
  class space    used 9316K, committed 10048K, reserved 1048576K
}
Event: 319587.311 GC heap before
{Heap before GC invocations=1343 (full 5):
 PSYoungGen      total 2560K, used 2304K [0x00000000d5580000, 0x00000000d6000000, 0x0000000100000000)
  eden space 2048K, 100% used [0x00000000d5580000,0x00000000d5780000,0x00000000d5780000)
  from space 512K, 50% used [0x00000000d5780000,0x00000000d57c0000,0x00000000d5800000)
  to   space 3072K, 0% used [0x00000000d5d00000,0x00000000d5d00000,0x00000000d6000000)
 ParOldGen       total 1071104K, used 1070819K [0x0000000080000000, 0x00000000c1600000, 0x00000000d5580000)
  object space 1071104K, 99% used [0x0000000080000000,0x00000000c15b8d20,0x00000000c1600000)
 Metaspace       used 91202K, committed 92800K, reserved 1179648K
  class space    used 9316K, committed 10048K, reserved 1048576K
}
Event: 319587.896 GC heap after
{Heap after GC invocations=1343 (full 5):
 PSYoungGen      total 2560K, used 96K [0x00000000d5580000, 0x00000000d5d80000, 0x0000000100000000)
  eden space 2048K, 0% used [0x00000000d5580000,0x00000000d5580000,0x00000000d5780000)
  from space 512K, 18% used [0x00000000d5d00000,0x00000000d5d18000,0x00000000d5d80000)
  to   space 1024K, 0% used [0x00000000d5b80000,0x00000000d5b80000,0x00000000d5c80000)
 ParOldGen       total 1071104K, used 1070883K [0x0000000080000000, 0x00000000c1600000, 0x00000000d5580000)
  object space 1071104K, 99% used [0x0000000080000000,0x00000000c15c8d20,0x00000000c1600000)
 Metaspace       used 91202K, committed 92800K, reserved 1179648K
  class space    used 9316K, committed 10048K, reserved 1048576K
}
Event: 341867.007 GC heap before
{Heap before GC invocations=1344 (full 5):
 PSYoungGen      total 2560K, used 2144K [0x00000000d5580000, 0x00000000d5d80000, 0x0000000100000000)
  eden space 2048K, 100% used [0x00000000d5580000,0x00000000d5780000,0x00000000d5780000)
  from space 512K, 18% used [0x00000000d5d00000,0x00000000d5d18000,0x00000000d5d80000)
  to   space 1024K, 0% used [0x00000000d5b80000,0x00000000d5b80000,0x00000000d5c80000)
 ParOldGen       total 1071104K, used 1070883K [0x0000000080000000, 0x00000000c1600000, 0x00000000d5580000)
  object space 1071104K, 99% used [0x0000000080000000,0x00000000c15c8d20,0x00000000c1600000)
 Metaspace       used 91202K, committed 92800K, reserved 1179648K
  class space    used 9316K, committed 10048K, reserved 1048576K
}
Event: 341867.229 GC heap after
{Heap after GC invocations=1344 (full 5):
 PSYoungGen      total 3072K, used 192K [0x00000000d5580000, 0x00000000d5d80000, 0x0000000100000000)
  eden space 2048K, 0% used [0x00000000d5580000,0x00000000d5580000,0x00000000d5780000)
  from space 1024K, 18% used [0x00000000d5b80000,0x00000000d5bb0000,0x00000000d5c80000)
  to   space 512K, 0% used [0x00000000d5d00000,0x00000000d5d00000,0x00000000d5d80000)
 ParOldGen       total 1071104K, used 1070891K [0x0000000080000000, 0x00000000c1600000, 0x00000000d5580000)
  object space 1071104K, 99% used [0x0000000080000000,0x00000000c15cad20,0x00000000c1600000)
 Metaspace       used 91202K, committed 92800K, reserved 1179648K
  class space    used 9316K, committed 10048K, reserved 1048576K
}
Event: 341867.324 GC heap before
{Heap before GC invocations=1345 (full 5):
 PSYoungGen      total 3072K, used 2240K [0x00000000d5580000, 0x00000000d5d80000, 0x0000000100000000)
  eden space 2048K, 100% used [0x00000000d5580000,0x00000000d5780000,0x00000000d5780000)
  from space 1024K, 18% used [0x00000000d5b80000,0x00000000d5bb0000,0x00000000d5c80000)
  to   space 512K, 0% used [0x00000000d5d00000,0x00000000d5d00000,0x00000000d5d80000)
 ParOldGen       total 1071104K, used 1070891K [0x0000000080000000, 0x00000000c1600000, 0x00000000d5580000)
  object space 1071104K, 99% used [0x0000000080000000,0x00000000c15cad20,0x00000000c1600000)
 Metaspace       used 91202K, committed 92800K, reserved 1179648K
  class space    used 9316K, committed 10048K, reserved 1048576K
}
Event: 341867.328 GC heap after
{Heap after GC invocations=1345 (full 5):
 PSYoungGen      total 2560K, used 32K [0x00000000d5580000, 0x00000000d5d80000, 0x0000000100000000)
  eden space 2048K, 0% used [0x00000000d5580000,0x00000000d5580000,0x00000000d5780000)
  from space 512K, 6% used [0x00000000d5d00000,0x00000000d5d08000,0x00000000d5d80000)
  to   space 512K, 0% used [0x00000000d5c80000,0x00000000d5c80000,0x00000000d5d00000)
 ParOldGen       total 1071104K, used 1070907K [0x0000000080000000, 0x00000000c1600000, 0x00000000d5580000)
  object space 1071104K, 99% used [0x0000000080000000,0x00000000c15ced20,0x00000000c1600000)
 Metaspace       used 91202K, committed 92800K, reserved 1179648K
  class space    used 9316K, committed 10048K, reserved 1048576K
}
Event: 341867.452 GC heap before
{Heap before GC invocations=1346 (full 5):
 PSYoungGen      total 2560K, used 2080K [0x00000000d5580000, 0x00000000d5d80000, 0x0000000100000000)
  eden space 2048K, 100% used [0x00000000d5580000,0x00000000d5780000,0x00000000d5780000)
  from space 512K, 6% used [0x00000000d5d00000,0x00000000d5d08000,0x00000000d5d80000)
  to   space 512K, 0% used [0x00000000d5c80000,0x00000000d5c80000,0x00000000d5d00000)
 ParOldGen       total 1071104K, used 1070907K [0x0000000080000000, 0x00000000c1600000, 0x00000000d5580000)
  object space 1071104K, 99% used [0x0000000080000000,0x00000000c15ced20,0x00000000c1600000)
 Metaspace       used 91202K, committed 92800K, reserved 1179648K
  class space    used 9316K, committed 10048K, reserved 1048576K
}
Event: 341867.456 GC heap after
{Heap after GC invocations=1346 (full 5):
 PSYoungGen      total 2560K, used 32K [0x00000000d5580000, 0x00000000d5d80000, 0x0000000100000000)
  eden space 2048K, 0% used [0x00000000d5580000,0x00000000d5580000,0x00000000d5780000)
  from space 512K, 6% used [0x00000000d5c80000,0x00000000d5c88000,0x00000000d5d00000)
  to   space 512K, 0% used [0x00000000d5d00000,0x00000000d5d00000,0x00000000d5d80000)
 ParOldGen       total 1071104K, used 1070907K [0x0000000080000000, 0x00000000c1600000, 0x00000000d5580000)
  object space 1071104K, 99% used [0x0000000080000000,0x00000000c15ced20,0x00000000c1600000)
 Metaspace       used 91202K, committed 92800K, reserved 1179648K
  class space    used 9316K, committed 10048K, reserved 1048576K
}

