# JRE version: OpenJDK Runtime Environment Temurin-21.0.8+9 (21.0.8+9) (build 21.0.8+9-LTS)
# Java VM: OpenJDK 64-Bit Server VM Temurin-21.0.8+9 (21.0.8+9-LTS, mixed mode, sharing, tiered, compressed oops, compressed class ptrs, parallel gc, windows-amd64)
GC Precious Log:
 CardTable entry size: 512
 CPUs: 8 total, 8 available
 Memory: 7975M
 Large Page Support: Disabled
 NUMA Support: Disabled
 Compressed Oops: Enabled (32-bit)
 Alignments: Space 512K, Generation 512K, Heap 2M
 Heap Min Capacity: 100M
 Heap Initial Capacity: 100M
 Heap Max Capacity: 2G
 Pre-touch: Disabled
 Parallel Workers: 8
Heap:
 PSYoungGen      total 20480K, used 5295K [0x00000000d5580000, 0x00000000d7380000, 0x0000000100000000)
  eden space 18432K, 25% used [0x00000000d5580000,0x00000000d5a0bd40,0x00000000d6780000)
  from space 2048K, 31% used [0x00000000d7000000,0x00000000d70a0000,0x00000000d7200000)
  to   space 1024K, 0% used [0x00000000d7280000,0x00000000d7280000,0x00000000d7380000)
 ParOldGen       total 164864K, used 164742K [0x0000000080000000, 0x000000008a100000, 0x00000000d5580000)
  object space 164864K, 99% used [0x0000000080000000,0x000000008a0e1850,0x000000008a100000)
 Metaspace       used 72247K, committed 73856K, reserved 1179648K
  class space    used 7656K, committed 8320K, reserved 1048576K
GC Heap History (20 events):
Event: 35.159 GC heap before
{Heap before GC invocations=85 (full 3):
 PSYoungGen      total 19456K, used 18719K [0x00000000d5580000, 0x00000000d7780000, 0x0000000100000000)
  eden space 18432K, 100% used [0x00000000d5580000,0x00000000d6780000,0x00000000d6780000)
  from space 1024K, 28% used [0x00000000d7580000,0x00000000d75c7ff0,0x00000000d7680000)
  to   space 512K, 0% used [0x00000000d7700000,0x00000000d7700000,0x00000000d7780000)
 ParOldGen       total 154112K, used 153660K [0x0000000080000000, 0x0000000089680000, 0x00000000d5580000)
  object space 154112K, 99% used [0x0000000080000000,0x000000008960f290,0x0000000089680000)
 Metaspace       used 64971K, committed 66432K, reserved 1114112K
  class space    used 6967K, committed 7616K, reserved 1048576K
}
Event: 35.160 GC heap after
{Heap after GC invocations=85 (full 3):
 PSYoungGen      total 18944K, used 448K [0x00000000d5580000, 0x00000000d7780000, 0x0000000100000000)
  eden space 18432K, 0% used [0x00000000d5580000,0x00000000d5580000,0x00000000d6780000)
  from space 512K, 87% used [0x00000000d7700000,0x00000000d7770000,0x00000000d7780000)
  to   space 512K, 0% used [0x00000000d7680000,0x00000000d7680000,0x00000000d7700000)
 ParOldGen       total 154112K, used 153851K [0x0000000080000000, 0x0000000089680000, 0x00000000d5580000)
  object space 154112K, 99% used [0x0000000080000000,0x000000008963eda8,0x0000000089680000)
 Metaspace       used 64971K, committed 66432K, reserved 1114112K
  class space    used 6967K, committed 7616K, reserved 1048576K
}
Event: 35.328 GC heap before
{Heap before GC invocations=86 (full 3):
 PSYoungGen      total 18944K, used 18880K [0x00000000d5580000, 0x00000000d7780000, 0x0000000100000000)
  eden space 18432K, 100% used [0x00000000d5580000,0x00000000d6780000,0x00000000d6780000)
  from space 512K, 87% used [0x00000000d7700000,0x00000000d7770000,0x00000000d7780000)
  to   space 512K, 0% used [0x00000000d7680000,0x00000000d7680000,0x00000000d7700000)
 ParOldGen       total 154112K, used 153851K [0x0000000080000000, 0x0000000089680000, 0x00000000d5580000)
  object space 154112K, 99% used [0x0000000080000000,0x000000008963eda8,0x0000000089680000)
 Metaspace       used 65945K, committed 67392K, reserved 1114112K
  class space    used 7080K, committed 7680K, reserved 1048576K
}
Event: 35.331 GC heap after
{Heap after GC invocations=86 (full 3):
 PSYoungGen      total 18944K, used 500K [0x00000000d5580000, 0x00000000d7780000, 0x0000000100000000)
  eden space 18432K, 0% used [0x00000000d5580000,0x00000000d5580000,0x00000000d6780000)
  from space 512K, 97% used [0x00000000d7680000,0x00000000d76fd200,0x00000000d7700000)
  to   space 512K, 0% used [0x00000000d7700000,0x00000000d7700000,0x00000000d7780000)
 ParOldGen       total 155136K, used 154730K [0x0000000080000000, 0x0000000089780000, 0x00000000d5580000)
  object space 155136K, 99% used [0x0000000080000000,0x000000008971aa08,0x0000000089780000)
 Metaspace       used 65945K, committed 67392K, reserved 1114112K
  class space    used 7080K, committed 7680K, reserved 1048576K
}
Event: 35.585 GC heap before
{Heap before GC invocations=87 (full 3):
 PSYoungGen      total 18944K, used 18932K [0x00000000d5580000, 0x00000000d7780000, 0x0000000100000000)
  eden space 18432K, 100% used [0x00000000d5580000,0x00000000d6780000,0x00000000d6780000)
  from space 512K, 97% used [0x00000000d7680000,0x00000000d76fd200,0x00000000d7700000)
  to   space 512K, 0% used [0x00000000d7700000,0x00000000d7700000,0x00000000d7780000)
 ParOldGen       total 155136K, used 154730K [0x0000000080000000, 0x0000000089780000, 0x00000000d5580000)
  object space 155136K, 99% used [0x0000000080000000,0x000000008971aa08,0x0000000089780000)
 Metaspace       used 66659K, committed 68160K, reserved 1114112K
  class space    used 7144K, committed 7744K, reserved 1048576K
}
Event: 35.590 GC heap after
{Heap after GC invocations=87 (full 3):
 PSYoungGen      total 18944K, used 489K [0x00000000d5580000, 0x00000000d7780000, 0x0000000100000000)
  eden space 18432K, 0% used [0x00000000d5580000,0x00000000d5580000,0x00000000d6780000)
  from space 512K, 95% used [0x00000000d7700000,0x00000000d777a6f8,0x00000000d7780000)
  to   space 2048K, 0% used [0x00000000d7380000,0x00000000d7380000,0x00000000d7580000)
 ParOldGen       total 156160K, used 156118K [0x0000000080000000, 0x0000000089880000, 0x00000000d5580000)
  object space 156160K, 99% used [0x0000000080000000,0x0000000089875868,0x0000000089880000)
 Metaspace       used 66659K, committed 68160K, reserved 1114112K
  class space    used 7144K, committed 7744K, reserved 1048576K
}
Event: 35.719 GC heap before
{Heap before GC invocations=88 (full 3):
 PSYoungGen      total 18944K, used 18921K [0x00000000d5580000, 0x00000000d7780000, 0x0000000100000000)
  eden space 18432K, 100% used [0x00000000d5580000,0x00000000d6780000,0x00000000d6780000)
  from space 512K, 95% used [0x00000000d7700000,0x00000000d777a6f8,0x00000000d7780000)
  to   space 2048K, 0% used [0x00000000d7380000,0x00000000d7380000,0x00000000d7580000)
 ParOldGen       total 156160K, used 156118K [0x0000000080000000, 0x0000000089880000, 0x00000000d5580000)
  object space 156160K, 99% used [0x0000000080000000,0x0000000089875868,0x0000000089880000)
 Metaspace       used 66876K, committed 68416K, reserved 1114112K
  class space    used 7163K, committed 7808K, reserved 1048576K
}
Event: 35.724 GC heap after
{Heap after GC invocations=88 (full 3):
 PSYoungGen      total 20480K, used 1280K [0x00000000d5580000, 0x00000000d7780000, 0x0000000100000000)
  eden space 18432K, 0% used [0x00000000d5580000,0x00000000d5580000,0x00000000d6780000)
  from space 2048K, 62% used [0x00000000d7380000,0x00000000d74c0000,0x00000000d7580000)
  to   space 1536K, 0% used [0x00000000d7600000,0x00000000d7600000,0x00000000d7780000)
 ParOldGen       total 156672K, used 156639K [0x0000000080000000, 0x0000000089900000, 0x00000000d5580000)
  object space 156672K, 99% used [0x0000000080000000,0x00000000898f7fc0,0x0000000089900000)
 Metaspace       used 66876K, committed 68416K, reserved 1114112K
  class space    used 7163K, committed 7808K, reserved 1048576K
}
Event: 35.820 GC heap before
{Heap before GC invocations=89 (full 3):
 PSYoungGen      total 20480K, used 19712K [0x00000000d5580000, 0x00000000d7780000, 0x0000000100000000)
  eden space 18432K, 100% used [0x00000000d5580000,0x00000000d6780000,0x00000000d6780000)
  from space 2048K, 62% used [0x00000000d7380000,0x00000000d74c0000,0x00000000d7580000)
  to   space 1536K, 0% used [0x00000000d7600000,0x00000000d7600000,0x00000000d7780000)
 ParOldGen       total 156672K, used 156639K [0x0000000080000000, 0x0000000089900000, 0x00000000d5580000)
  object space 156672K, 99% used [0x0000000080000000,0x00000000898f7fc0,0x0000000089900000)
 Metaspace       used 67011K, committed 68544K, reserved 1114112K
  class space    used 7165K, committed 7808K, reserved 1048576K
}
Event: 35.822 GC heap after
{Heap after GC invocations=89 (full 3):
 PSYoungGen      total 19456K, used 992K [0x00000000d5580000, 0x00000000d7700000, 0x0000000100000000)
  eden space 18432K, 0% used [0x00000000d5580000,0x00000000d5580000,0x00000000d6780000)
  from space 1024K, 96% used [0x00000000d7600000,0x00000000d76f8040,0x00000000d7700000)
  to   space 1536K, 0% used [0x00000000d7400000,0x00000000d7400000,0x00000000d7580000)
 ParOldGen       total 157696K, used 157584K [0x0000000080000000, 0x0000000089a00000, 0x00000000d5580000)
  object space 157696K, 99% used [0x0000000080000000,0x00000000899e4040,0x0000000089a00000)
 Metaspace       used 67011K, committed 68544K, reserved 1114112K
  class space    used 7165K, committed 7808K, reserved 1048576K
}
Event: 36.149 GC heap before
{Heap before GC invocations=90 (full 3):
 PSYoungGen      total 19456K, used 19424K [0x00000000d5580000, 0x00000000d7700000, 0x0000000100000000)
  eden space 18432K, 100% used [0x00000000d5580000,0x00000000d6780000,0x00000000d6780000)
  from space 1024K, 96% used [0x00000000d7600000,0x00000000d76f8040,0x00000000d7700000)
  to   space 1536K, 0% used [0x00000000d7400000,0x00000000d7400000,0x00000000d7580000)
 ParOldGen       total 157696K, used 157584K [0x0000000080000000, 0x0000000089a00000, 0x00000000d5580000)
  object space 157696K, 99% used [0x0000000080000000,0x00000000899e4040,0x0000000089a00000)
 Metaspace       used 67747K, committed 69312K, reserved 1114112K
  class space    used 7217K, committed 7872K, reserved 1048576K
}
Event: 36.154 GC heap after
{Heap after GC invocations=90 (full 3):
 PSYoungGen      total 19968K, used 1516K [0x00000000d5580000, 0x00000000d7680000, 0x0000000100000000)
  eden space 18432K, 0% used [0x00000000d5580000,0x00000000d5580000,0x00000000d6780000)
  from space 1536K, 98% used [0x00000000d7400000,0x00000000d757b028,0x00000000d7580000)
  to   space 1024K, 0% used [0x00000000d7580000,0x00000000d7580000,0x00000000d7680000)
 ParOldGen       total 159232K, used 159179K [0x0000000080000000, 0x0000000089b80000, 0x00000000d5580000)
  object space 159232K, 99% used [0x0000000080000000,0x0000000089b72e78,0x0000000089b80000)
 Metaspace       used 67747K, committed 69312K, reserved 1114112K
  class space    used 7217K, committed 7872K, reserved 1048576K
}
Event: 36.448 GC heap before
{Heap before GC invocations=91 (full 3):
 PSYoungGen      total 19968K, used 19948K [0x00000000d5580000, 0x00000000d7680000, 0x0000000100000000)
  eden space 18432K, 100% used [0x00000000d5580000,0x00000000d6780000,0x00000000d6780000)
  from space 1536K, 98% used [0x00000000d7400000,0x00000000d757b028,0x00000000d7580000)
  to   space 1024K, 0% used [0x00000000d7580000,0x00000000d7580000,0x00000000d7680000)
 ParOldGen       total 159232K, used 159179K [0x0000000080000000, 0x0000000089b80000, 0x00000000d5580000)
  object space 159232K, 99% used [0x0000000080000000,0x0000000089b72e78,0x0000000089b80000)
 Metaspace       used 69798K, committed 71296K, reserved 1114112K
  class space    used 7427K, committed 8064K, reserved 1048576K
}
Event: 36.452 GC heap after
{Heap after GC invocations=91 (full 3):
 PSYoungGen      total 19456K, used 1017K [0x00000000d5580000, 0x00000000d7680000, 0x0000000100000000)
  eden space 18432K, 0% used [0x00000000d5580000,0x00000000d5580000,0x00000000d6780000)
  from space 1024K, 99% used [0x00000000d7580000,0x00000000d767e4e8,0x00000000d7680000)
  to   space 3072K, 0% used [0x00000000d7080000,0x00000000d7080000,0x00000000d7380000)
 ParOldGen       total 161280K, used 161096K [0x0000000080000000, 0x0000000089d80000, 0x00000000d5580000)
  object space 161280K, 99% used [0x0000000080000000,0x0000000089d521f8,0x0000000089d80000)
 Metaspace       used 69798K, committed 71296K, reserved 1114112K
  class space    used 7427K, committed 8064K, reserved 1048576K
}
Event: 36.591 GC heap before
{Heap before GC invocations=92 (full 3):
 PSYoungGen      total 19456K, used 19449K [0x00000000d5580000, 0x00000000d7680000, 0x0000000100000000)
  eden space 18432K, 100% used [0x00000000d5580000,0x00000000d6780000,0x00000000d6780000)
  from space 1024K, 99% used [0x00000000d7580000,0x00000000d767e4e8,0x00000000d7680000)
  to   space 3072K, 0% used [0x00000000d7080000,0x00000000d7080000,0x00000000d7380000)
 ParOldGen       total 161280K, used 161096K [0x0000000080000000, 0x0000000089d80000, 0x00000000d5580000)
  object space 161280K, 99% used [0x0000000080000000,0x0000000089d521f8,0x0000000089d80000)
 Metaspace       used 70153K, committed 71680K, reserved 1114112K
  class space    used 7457K, committed 8128K, reserved 1048576K
}
Event: 36.594 GC heap after
{Heap after GC invocations=92 (full 3):
 PSYoungGen      total 20992K, used 2464K [0x00000000d5580000, 0x00000000d7600000, 0x0000000100000000)
  eden space 18432K, 0% used [0x00000000d5580000,0x00000000d5580000,0x00000000d6780000)
  from space 2560K, 96% used [0x00000000d7080000,0x00000000d72e8000,0x00000000d7300000)
  to   space 3072K, 0% used [0x00000000d7300000,0x00000000d7300000,0x00000000d7600000)
 ParOldGen       total 162304K, used 162116K [0x0000000080000000, 0x0000000089e80000, 0x00000000d5580000)
  object space 162304K, 99% used [0x0000000080000000,0x0000000089e51130,0x0000000089e80000)
 Metaspace       used 70153K, committed 71680K, reserved 1114112K
  class space    used 7457K, committed 8128K, reserved 1048576K
}
Event: 36.746 GC heap before
{Heap before GC invocations=93 (full 3):
 PSYoungGen      total 20992K, used 20896K [0x00000000d5580000, 0x00000000d7600000, 0x0000000100000000)
  eden space 18432K, 100% used [0x00000000d5580000,0x00000000d6780000,0x00000000d6780000)
  from space 2560K, 96% used [0x00000000d7080000,0x00000000d72e8000,0x00000000d7300000)
  to   space 3072K, 0% used [0x00000000d7300000,0x00000000d7300000,0x00000000d7600000)
 ParOldGen       total 162304K, used 162116K [0x0000000080000000, 0x0000000089e80000, 0x00000000d5580000)
  object space 162304K, 99% used [0x0000000080000000,0x0000000089e51130,0x0000000089e80000)
 Metaspace       used 71073K, committed 72640K, reserved 1114112K
  class space    used 7542K, committed 8192K, reserved 1048576K
}
Event: 36.750 GC heap after
{Heap after GC invocations=93 (full 3):
 PSYoungGen      total 19456K, used 964K [0x00000000d5580000, 0x00000000d7400000, 0x0000000100000000)
  eden space 18432K, 0% used [0x00000000d5580000,0x00000000d5580000,0x00000000d6780000)
  from space 1024K, 94% used [0x00000000d7300000,0x00000000d73f1210,0x00000000d7400000)
  to   space 2048K, 0% used [0x00000000d7000000,0x00000000d7000000,0x00000000d7200000)
 ParOldGen       total 164864K, used 164505K [0x0000000080000000, 0x000000008a100000, 0x00000000d5580000)
  object space 164864K, 99% used [0x0000000080000000,0x000000008a0a67c8,0x000000008a100000)
 Metaspace       used 71073K, committed 72640K, reserved 1114112K
  class space    used 7542K, committed 8192K, reserved 1048576K
}
Event: 36.938 GC heap before
{Heap before GC invocations=94 (full 3):
 PSYoungGen      total 19456K, used 19396K [0x00000000d5580000, 0x00000000d7400000, 0x0000000100000000)
  eden space 18432K, 100% used [0x00000000d5580000,0x00000000d6780000,0x00000000d6780000)
  from space 1024K, 94% used [0x00000000d7300000,0x00000000d73f1210,0x00000000d7400000)
  to   space 2048K, 0% used [0x00000000d7000000,0x00000000d7000000,0x00000000d7200000)
 ParOldGen       total 164864K, used 164505K [0x0000000080000000, 0x000000008a100000, 0x00000000d5580000)
  object space 164864K, 99% used [0x0000000080000000,0x000000008a0a67c8,0x000000008a100000)
 Metaspace       used 71887K, committed 73536K, reserved 1179648K
  class space    used 7615K, committed 8320K, reserved 1048576K
}
Event: 36.940 GC heap after
{Heap after GC invocations=94 (full 3):
 PSYoungGen      total 20480K, used 640K [0x00000000d5580000, 0x00000000d7380000, 0x0000000100000000)
  eden space 18432K, 0% used [0x00000000d5580000,0x00000000d5580000,0x00000000d6780000)
  from space 2048K, 31% used [0x00000000d7000000,0x00000000d70a0000,0x00000000d7200000)
  to   space 1024K, 0% used [0x00000000d7280000,0x00000000d7280000,0x00000000d7380000)
 ParOldGen       total 164864K, used 164742K [0x0000000080000000, 0x000000008a100000, 0x00000000d5580000)
  object space 164864K, 99% used [0x0000000080000000,0x000000008a0e1850,0x000000008a100000)
 Metaspace       used 71887K, committed 73536K, reserved 1179648K
  class space    used 7615K, committed 8320K, reserved 1048576K
}

