# JRE version: OpenJDK Runtime Environment Temurin-21.0.8+9 (21.0.8+9) (build 21.0.8+9-LTS)
# Java VM: OpenJDK 64-Bit Server VM Temurin-21.0.8+9 (21.0.8+9-LTS, mixed mode, sharing, tiered, compressed oops, compressed class ptrs, parallel gc, windows-amd64)
GC Precious Log:
 CardTable entry size: 512
 CPUs: 8 total, 8 available
 Memory: 7975M
 Large Page Support: Disabled
 NUMA Support: Disabled
 Compressed Oops: Enabled (32-bit)
 Alignments: Space 512K, Generation 512K, Heap 2M
 Heap Min Capacity: 100M
 Heap Initial Capacity: 100M
 Heap Max Capacity: 2G
 Pre-touch: Disabled
 Parallel Workers: 8
Heap:
 PSYoungGen      total 9728K, used 1561K [0x00000000d5580000, 0x00000000d6780000, 0x0000000100000000)
  eden space 9216K, 14% used [0x00000000d5580000,0x00000000d56ce580,0x00000000d5e80000)
  from space 512K, 43% used [0x00000000d6680000,0x00000000d66b8000,0x00000000d6700000)
  to   space 512K, 0% used [0x00000000d6700000,0x00000000d6700000,0x00000000d6780000)
 ParOldGen       total 1241088K, used 1241077K [0x0000000080000000, 0x00000000cbc00000, 0x00000000d5580000)
  object space 1241088K, 99% used [0x0000000080000000,0x00000000cbbfd5a8,0x00000000cbc00000)
 Metaspace       used 98430K, committed 100032K, reserved 1179648K
  class space    used 9666K, committed 10496K, reserved 1048576K
GC Heap History (20 events):
Event: 382988.121 GC heap before
{Heap before GC invocations=8162 (full 12):
 PSYoungGen      total 27136K, used 26905K [0x00000000d5580000, 0x00000000d7400000, 0x0000000100000000)
  eden space 25600K, 100% used [0x00000000d5580000,0x00000000d6e80000,0x00000000d6e80000)
  from space 1536K, 84% used [0x00000000d7080000,0x00000000d71c6470,0x00000000d7200000)
  to   space 2048K, 0% used [0x00000000d7200000,0x00000000d7200000,0x00000000d7400000)
 ParOldGen       total 1184256K, used 1184068K [0x0000000080000000, 0x00000000c8480000, 0x00000000d5580000)
  object space 1184256K, 99% used [0x0000000080000000,0x00000000c84512d0,0x00000000c8480000)
 Metaspace       used 98406K, committed 99968K, reserved 1179648K
  class space    used 9666K, committed 10496K, reserved 1048576K
}
Event: 382988.131 GC heap after
{Heap after GC invocations=8162 (full 12):
 PSYoungGen      total 26624K, used 1390K [0x00000000d5580000, 0x00000000d7380000, 0x0000000100000000)
  eden space 25088K, 0% used [0x00000000d5580000,0x00000000d5580000,0x00000000d6e00000)
  from space 1536K, 90% used [0x00000000d7200000,0x00000000d735bb40,0x00000000d7380000)
  to   space 1536K, 0% used [0x00000000d7080000,0x00000000d7080000,0x00000000d7200000)
 ParOldGen       total 1185280K, used 1185025K [0x0000000080000000, 0x00000000c8580000, 0x00000000d5580000)
  object space 1185280K, 99% used [0x0000000080000000,0x00000000c8540540,0x00000000c8580000)
 Metaspace       used 98406K, committed 99968K, reserved 1179648K
  class space    used 9666K, committed 10496K, reserved 1048576K
}
Event: 382992.280 GC heap before
{Heap before GC invocations=8163 (full 12):
 PSYoungGen      total 26624K, used 26478K [0x00000000d5580000, 0x00000000d7380000, 0x0000000100000000)
  eden space 25088K, 100% used [0x00000000d5580000,0x00000000d6e00000,0x00000000d6e00000)
  from space 1536K, 90% used [0x00000000d7200000,0x00000000d735bb40,0x00000000d7380000)
  to   space 1536K, 0% used [0x00000000d7080000,0x00000000d7080000,0x00000000d7200000)
 ParOldGen       total 1185280K, used 1185025K [0x0000000080000000, 0x00000000c8580000, 0x00000000d5580000)
  object space 1185280K, 99% used [0x0000000080000000,0x00000000c8540540,0x00000000c8580000)
 Metaspace       used 98409K, committed 99968K, reserved 1179648K
  class space    used 9666K, committed 10496K, reserved 1048576K
}
Event: 382992.283 GC heap after
{Heap after GC invocations=8163 (full 12):
 PSYoungGen      total 26112K, used 1214K [0x00000000d5580000, 0x00000000d7280000, 0x0000000100000000)
  eden space 24576K, 0% used [0x00000000d5580000,0x00000000d5580000,0x00000000d6d80000)
  from space 1536K, 79% used [0x00000000d7080000,0x00000000d71afb10,0x00000000d7200000)
  to   space 512K, 0% used [0x00000000d7200000,0x00000000d7200000,0x00000000d7280000)
 ParOldGen       total 1185280K, used 1185145K [0x0000000080000000, 0x00000000c8580000, 0x00000000d5580000)
  object space 1185280K, 99% used [0x0000000080000000,0x00000000c855e560,0x00000000c8580000)
 Metaspace       used 98409K, committed 99968K, reserved 1179648K
  class space    used 9666K, committed 10496K, reserved 1048576K
}
Event: 382994.338 GC heap before
{Heap before GC invocations=8164 (full 12):
 PSYoungGen      total 26112K, used 25330K [0x00000000d5580000, 0x00000000d7280000, 0x0000000100000000)
  eden space 24576K, 98% used [0x00000000d5580000,0x00000000d6d0cdd8,0x00000000d6d80000)
  from space 1536K, 79% used [0x00000000d7080000,0x00000000d71afb10,0x00000000d7200000)
  to   space 512K, 0% used [0x00000000d7200000,0x00000000d7200000,0x00000000d7280000)
 ParOldGen       total 1185280K, used 1185145K [0x0000000080000000, 0x00000000c8580000, 0x00000000d5580000)
  object space 1185280K, 99% used [0x0000000080000000,0x00000000c855e560,0x00000000c8580000)
 Metaspace       used 98410K, committed 99968K, reserved 1179648K
  class space    used 9666K, committed 10496K, reserved 1048576K
}
Event: 382994.353 GC heap after
{Heap after GC invocations=8164 (full 12):
 PSYoungGen      total 9728K, used 512K [0x00000000d5580000, 0x00000000d9400000, 0x0000000100000000)
  eden space 9216K, 0% used [0x00000000d5580000,0x00000000d5580000,0x00000000d5e80000)
  from space 512K, 100% used [0x00000000d7200000,0x00000000d7280000,0x00000000d7280000)
  to   space 19968K, 0% used [0x00000000d5e80000,0x00000000d5e80000,0x00000000d7200000)
 ParOldGen       total 1202176K, used 1201720K [0x0000000080000000, 0x00000000c9600000, 0x00000000d5580000)
  object space 1202176K, 99% used [0x0000000080000000,0x00000000c958e340,0x00000000c9600000)
 Metaspace       used 98410K, committed 99968K, reserved 1179648K
  class space    used 9666K, committed 10496K, reserved 1048576K
}
Event: 382994.388 GC heap before
{Heap before GC invocations=8165 (full 12):
 PSYoungGen      total 9728K, used 9728K [0x00000000d5580000, 0x00000000d9400000, 0x0000000100000000)
  eden space 9216K, 100% used [0x00000000d5580000,0x00000000d5e80000,0x00000000d5e80000)
  from space 512K, 100% used [0x00000000d7200000,0x00000000d7280000,0x00000000d7280000)
  to   space 19968K, 0% used [0x00000000d5e80000,0x00000000d5e80000,0x00000000d7200000)
 ParOldGen       total 1202176K, used 1201720K [0x0000000080000000, 0x00000000c9600000, 0x00000000d5580000)
  object space 1202176K, 99% used [0x0000000080000000,0x00000000c958e340,0x00000000c9600000)
 Metaspace       used 98410K, committed 99968K, reserved 1179648K
  class space    used 9666K, committed 10496K, reserved 1048576K
}
Event: 382994.397 GC heap after
{Heap after GC invocations=8165 (full 12):
 PSYoungGen      total 17408K, used 7782K [0x00000000d5580000, 0x00000000d7480000, 0x0000000100000000)
  eden space 9216K, 0% used [0x00000000d5580000,0x00000000d5580000,0x00000000d5e80000)
  from space 8192K, 95% used [0x00000000d5e80000,0x00000000d66199d0,0x00000000d6680000)
  to   space 11264K, 0% used [0x00000000d6980000,0x00000000d6980000,0x00000000d7480000)
 ParOldGen       total 1202688K, used 1202272K [0x0000000080000000, 0x00000000c9680000, 0x00000000d5580000)
  object space 1202688K, 99% used [0x0000000080000000,0x00000000c9618340,0x00000000c9680000)
 Metaspace       used 98410K, committed 99968K, reserved 1179648K
  class space    used 9666K, committed 10496K, reserved 1048576K
}
Event: 382996.669 GC heap before
{Heap before GC invocations=8166 (full 12):
 PSYoungGen      total 17408K, used 16985K [0x00000000d5580000, 0x00000000d7480000, 0x0000000100000000)
  eden space 9216K, 99% used [0x00000000d5580000,0x00000000d5e7ccc8,0x00000000d5e80000)
  from space 8192K, 95% used [0x00000000d5e80000,0x00000000d66199d0,0x00000000d6680000)
  to   space 11264K, 0% used [0x00000000d6980000,0x00000000d6980000,0x00000000d7480000)
 ParOldGen       total 1202688K, used 1202272K [0x0000000080000000, 0x00000000c9680000, 0x00000000d5580000)
  object space 1202688K, 99% used [0x0000000080000000,0x00000000c9618340,0x00000000c9680000)
 Metaspace       used 98410K, committed 99968K, reserved 1179648K
  class space    used 9666K, committed 10496K, reserved 1048576K
}
Event: 382996.682 GC heap after
{Heap after GC invocations=8166 (full 12):
 PSYoungGen      total 15360K, used 5990K [0x00000000d5580000, 0x00000000d6f80000, 0x0000000100000000)
  eden space 9216K, 0% used [0x00000000d5580000,0x00000000d5580000,0x00000000d5e80000)
  from space 6144K, 97% used [0x00000000d6980000,0x00000000d6f59af0,0x00000000d6f80000)
  to   space 7680K, 0% used [0x00000000d6080000,0x00000000d6080000,0x00000000d6800000)
 ParOldGen       total 1208320K, used 1208176K [0x0000000080000000, 0x00000000c9c00000, 0x00000000d5580000)
  object space 1208320K, 99% used [0x0000000080000000,0x00000000c9bdc340,0x00000000c9c00000)
 Metaspace       used 98410K, committed 99968K, reserved 1179648K
  class space    used 9666K, committed 10496K, reserved 1048576K
}
Event: 385543.903 GC heap before
{Heap before GC invocations=8167 (full 12):
 PSYoungGen      total 15360K, used 15206K [0x00000000d5580000, 0x00000000d6f80000, 0x0000000100000000)
  eden space 9216K, 100% used [0x00000000d5580000,0x00000000d5e80000,0x00000000d5e80000)
  from space 6144K, 97% used [0x00000000d6980000,0x00000000d6f59af0,0x00000000d6f80000)
  to   space 7680K, 0% used [0x00000000d6080000,0x00000000d6080000,0x00000000d6800000)
 ParOldGen       total 1240064K, used 1238896K [0x0000000080000000, 0x00000000cbb00000, 0x00000000d5580000)
  object space 1240064K, 99% used [0x0000000080000000,0x00000000cb9dc370,0x00000000cbb00000)
 Metaspace       used 98429K, committed 100032K, reserved 1179648K
  class space    used 9666K, committed 10496K, reserved 1048576K
}
Event: 385544.053 GC heap after
{Heap after GC invocations=8167 (full 12):
 PSYoungGen      total 9728K, used 256K [0x00000000d5580000, 0x00000000d6a00000, 0x0000000100000000)
  eden space 9216K, 0% used [0x00000000d5580000,0x00000000d5580000,0x00000000d5e80000)
  from space 512K, 50% used [0x00000000d6080000,0x00000000d60c0000,0x00000000d6100000)
  to   space 3072K, 0% used [0x00000000d6700000,0x00000000d6700000,0x00000000d6a00000)
 ParOldGen       total 1241088K, used 1240901K [0x0000000080000000, 0x00000000cbc00000, 0x00000000d5580000)
  object space 1241088K, 99% used [0x0000000080000000,0x00000000cbbd15a8,0x00000000cbc00000)
 Metaspace       used 98429K, committed 100032K, reserved 1179648K
  class space    used 9666K, committed 10496K, reserved 1048576K
}
Event: 416093.889 GC heap before
{Heap before GC invocations=8168 (full 12):
 PSYoungGen      total 9728K, used 9472K [0x00000000d5580000, 0x00000000d6a00000, 0x0000000100000000)
  eden space 9216K, 100% used [0x00000000d5580000,0x00000000d5e80000,0x00000000d5e80000)
  from space 512K, 50% used [0x00000000d6080000,0x00000000d60c0000,0x00000000d6100000)
  to   space 3072K, 0% used [0x00000000d6700000,0x00000000d6700000,0x00000000d6a00000)
 ParOldGen       total 1241088K, used 1240901K [0x0000000080000000, 0x00000000cbc00000, 0x00000000d5580000)
  object space 1241088K, 99% used [0x0000000080000000,0x00000000cbbd15a8,0x00000000cbc00000)
 Metaspace       used 98429K, committed 100032K, reserved 1179648K
  class space    used 9666K, committed 10496K, reserved 1048576K
}
Event: 416093.963 GC heap after
{Heap after GC invocations=8168 (full 12):
 PSYoungGen      total 9728K, used 192K [0x00000000d5580000, 0x00000000d6780000, 0x0000000100000000)
  eden space 9216K, 0% used [0x00000000d5580000,0x00000000d5580000,0x00000000d5e80000)
  from space 512K, 37% used [0x00000000d6700000,0x00000000d6730000,0x00000000d6780000)
  to   space 1024K, 0% used [0x00000000d6580000,0x00000000d6580000,0x00000000d6680000)
 ParOldGen       total 1241088K, used 1241045K [0x0000000080000000, 0x00000000cbc00000, 0x00000000d5580000)
  object space 1241088K, 99% used [0x0000000080000000,0x00000000cbbf55a8,0x00000000cbc00000)
 Metaspace       used 98429K, committed 100032K, reserved 1179648K
  class space    used 9666K, committed 10496K, reserved 1048576K
}
Event: 458795.097 GC heap before
{Heap before GC invocations=8169 (full 12):
 PSYoungGen      total 9728K, used 9408K [0x00000000d5580000, 0x00000000d6780000, 0x0000000100000000)
  eden space 9216K, 100% used [0x00000000d5580000,0x00000000d5e80000,0x00000000d5e80000)
  from space 512K, 37% used [0x00000000d6700000,0x00000000d6730000,0x00000000d6780000)
  to   space 1024K, 0% used [0x00000000d6580000,0x00000000d6580000,0x00000000d6680000)
 ParOldGen       total 1241088K, used 1241045K [0x0000000080000000, 0x00000000cbc00000, 0x00000000d5580000)
  object space 1241088K, 99% used [0x0000000080000000,0x00000000cbbf55a8,0x00000000cbc00000)
 Metaspace       used 98430K, committed 100032K, reserved 1179648K
  class space    used 9666K, committed 10496K, reserved 1048576K
}
Event: 458795.401 GC heap after
{Heap after GC invocations=8169 (full 12):
 PSYoungGen      total 10240K, used 192K [0x00000000d5580000, 0x00000000d6780000, 0x0000000100000000)
  eden space 9216K, 0% used [0x00000000d5580000,0x00000000d5580000,0x00000000d5e80000)
  from space 1024K, 18% used [0x00000000d6580000,0x00000000d65b0000,0x00000000d6680000)
  to   space 512K, 0% used [0x00000000d6700000,0x00000000d6700000,0x00000000d6780000)
 ParOldGen       total 1241088K, used 1241045K [0x0000000080000000, 0x00000000cbc00000, 0x00000000d5580000)
  object space 1241088K, 99% used [0x0000000080000000,0x00000000cbbf55a8,0x00000000cbc00000)
 Metaspace       used 98430K, committed 100032K, reserved 1179648K
  class space    used 9666K, committed 10496K, reserved 1048576K
}
Event: 513164.213 GC heap before
{Heap before GC invocations=8170 (full 12):
 PSYoungGen      total 10240K, used 9408K [0x00000000d5580000, 0x00000000d6780000, 0x0000000100000000)
  eden space 9216K, 100% used [0x00000000d5580000,0x00000000d5e80000,0x00000000d5e80000)
  from space 1024K, 18% used [0x00000000d6580000,0x00000000d65b0000,0x00000000d6680000)
  to   space 512K, 0% used [0x00000000d6700000,0x00000000d6700000,0x00000000d6780000)
 ParOldGen       total 1241088K, used 1241045K [0x0000000080000000, 0x00000000cbc00000, 0x00000000d5580000)
  object space 1241088K, 99% used [0x0000000080000000,0x00000000cbbf55a8,0x00000000cbc00000)
 Metaspace       used 98430K, committed 100032K, reserved 1179648K
  class space    used 9666K, committed 10496K, reserved 1048576K
}
Event: 513164.493 GC heap after
{Heap after GC invocations=8170 (full 12):
 PSYoungGen      total 9728K, used 192K [0x00000000d5580000, 0x00000000d6780000, 0x0000000100000000)
  eden space 9216K, 0% used [0x00000000d5580000,0x00000000d5580000,0x00000000d5e80000)
  from space 512K, 37% used [0x00000000d6700000,0x00000000d6730000,0x00000000d6780000)
  to   space 512K, 0% used [0x00000000d6680000,0x00000000d6680000,0x00000000d6700000)
 ParOldGen       total 1241088K, used 1241077K [0x0000000080000000, 0x00000000cbc00000, 0x00000000d5580000)
  object space 1241088K, 99% used [0x0000000080000000,0x00000000cbbfd5a8,0x00000000cbc00000)
 Metaspace       used 98430K, committed 100032K, reserved 1179648K
  class space    used 9666K, committed 10496K, reserved 1048576K
}
Event: 515013.132 GC heap before
{Heap before GC invocations=8171 (full 12):
 PSYoungGen      total 9728K, used 9408K [0x00000000d5580000, 0x00000000d6780000, 0x0000000100000000)
  eden space 9216K, 100% used [0x00000000d5580000,0x00000000d5e80000,0x00000000d5e80000)
  from space 512K, 37% used [0x00000000d6700000,0x00000000d6730000,0x00000000d6780000)
  to   space 512K, 0% used [0x00000000d6680000,0x00000000d6680000,0x00000000d6700000)
 ParOldGen       total 1241088K, used 1241077K [0x0000000080000000, 0x00000000cbc00000, 0x00000000d5580000)
  object space 1241088K, 99% used [0x0000000080000000,0x00000000cbbfd5a8,0x00000000cbc00000)
 Metaspace       used 98430K, committed 100032K, reserved 1179648K
  class space    used 9666K, committed 10496K, reserved 1048576K
}
Event: 515013.328 GC heap after
{Heap after GC invocations=8171 (full 12):
 PSYoungGen      total 9728K, used 224K [0x00000000d5580000, 0x00000000d6780000, 0x0000000100000000)
  eden space 9216K, 0% used [0x00000000d5580000,0x00000000d5580000,0x00000000d5e80000)
  from space 512K, 43% used [0x00000000d6680000,0x00000000d66b8000,0x00000000d6700000)
  to   space 512K, 0% used [0x00000000d6700000,0x00000000d6700000,0x00000000d6780000)
 ParOldGen       total 1241088K, used 1241077K [0x0000000080000000, 0x00000000cbc00000, 0x00000000d5580000)
  object space 1241088K, 99% used [0x0000000080000000,0x00000000cbbfd5a8,0x00000000cbc00000)
 Metaspace       used 98430K, committed 100032K, reserved 1179648K
  class space    used 9666K, committed 10496K, reserved 1048576K
}

