# JRE version: Java(TM) SE Runtime Environment (17.0.11+7) (build 17.0.11+7-LTS-207)
# Java VM: Java HotSpot(TM) 64-Bit Server VM (17.0.11+7-LTS-207, mixed mode, sharing, tiered, compressed oops, compressed class ptrs, g1 gc, windows-amd64)
GC Precious Log:
 CPUs: 8 total, 8 available
 Memory: 7975M
 Large Page Support: Disabled
 NUMA Support: Disabled
 Compressed Oops: Enabled (32-bit)
 Heap Region Size: 1M
 Heap Min Capacity: 8M
 Heap Initial Capacity: 126M
 Heap Max Capacity: 1994M
 Pre-touch: Disabled
 Parallel Workers: 8
 Concurrent Workers: 2
 Concurrent Refinement Workers: 8
 Periodic GC: Disabled
Heap:
 garbage-first heap   total 137216K, used 57564K [0x0000000083600000, 0x0000000100000000)
  region size 1024K, 19 young (19456K), 6 survivors (6144K)
 Metaspace       used 95929K, committed 96704K, reserved 1179648K
  class space    used 11845K, committed 12224K, reserved 1048576K
GC Heap History (20 events):
Event: 1198.801 GC heap before
{Heap before GC invocations=57 (full 6):
 garbage-first heap   total 119808K, used 91662K [0x0000000083600000, 0x0000000100000000)
  region size 1024K, 52 young (53248K), 5 survivors (5120K)
 Metaspace       used 92153K, committed 92928K, reserved 1179648K
  class space    used 11591K, committed 11968K, reserved 1048576K
}
Event: 1198.806 GC heap after
{Heap after GC invocations=58 (full 6):
 garbage-first heap   total 119808K, used 47583K [0x0000000083600000, 0x0000000100000000)
  region size 1024K, 5 young (5120K), 5 survivors (5120K)
 Metaspace       used 92153K, committed 92928K, reserved 1179648K
  class space    used 11591K, committed 11968K, reserved 1048576K
}
Event: 1199.229 GC heap before
{Heap before GC invocations=58 (full 6):
 garbage-first heap   total 119808K, used 91615K [0x0000000083600000, 0x0000000100000000)
  region size 1024K, 48 young (49152K), 5 survivors (5120K)
 Metaspace       used 92862K, committed 93632K, reserved 1179648K
  class space    used 11635K, committed 12032K, reserved 1048576K
}
Event: 1199.238 GC heap after
{Heap after GC invocations=59 (full 6):
 garbage-first heap   total 331776K, used 51599K [0x0000000083600000, 0x0000000100000000)
  region size 1024K, 5 young (5120K), 5 survivors (5120K)
 Metaspace       used 92862K, committed 93632K, reserved 1179648K
  class space    used 11635K, committed 12032K, reserved 1048576K
}
Event: 1268.536 GC heap before
{Heap before GC invocations=59 (full 6):
 garbage-first heap   total 331776K, used 72079K [0x0000000083600000, 0x0000000100000000)
  region size 1024K, 26 young (26624K), 5 survivors (5120K)
 Metaspace       used 92868K, committed 93632K, reserved 1179648K
  class space    used 11636K, committed 12032K, reserved 1048576K
}
Event: 1268.598 GC heap after
{Heap after GC invocations=60 (full 7):
 garbage-first heap   total 147456K, used 40127K [0x0000000083600000, 0x0000000100000000)
  region size 1024K, 0 young (0K), 0 survivors (0K)
 Metaspace       used 92859K, committed 93632K, reserved 1179648K
  class space    used 11634K, committed 12032K, reserved 1048576K
}
Event: 1269.143 GC heap before
{Heap before GC invocations=60 (full 7):
 garbage-first heap   total 147456K, used 109759K [0x0000000083600000, 0x0000000100000000)
  region size 1024K, 68 young (69632K), 0 survivors (0K)
 Metaspace       used 93471K, committed 94272K, reserved 1179648K
  class space    used 11688K, committed 12096K, reserved 1048576K
}
Event: 1269.147 GC heap after
{Heap after GC invocations=61 (full 7):
 garbage-first heap   total 147456K, used 45346K [0x0000000083600000, 0x0000000100000000)
  region size 1024K, 6 young (6144K), 6 survivors (6144K)
 Metaspace       used 93471K, committed 94272K, reserved 1179648K
  class space    used 11688K, committed 12096K, reserved 1048576K
}
Event: 1269.598 GC heap before
{Heap before GC invocations=61 (full 7):
 garbage-first heap   total 147456K, used 109858K [0x0000000083600000, 0x0000000100000000)
  region size 1024K, 69 young (70656K), 6 survivors (6144K)
 Metaspace       used 94759K, committed 95552K, reserved 1179648K
  class space    used 11766K, committed 12160K, reserved 1048576K
}
Event: 1269.605 GC heap after
{Heap after GC invocations=62 (full 7):
 garbage-first heap   total 147456K, used 51740K [0x0000000083600000, 0x0000000100000000)
  region size 1024K, 7 young (7168K), 7 survivors (7168K)
 Metaspace       used 94759K, committed 95552K, reserved 1179648K
  class space    used 11766K, committed 12160K, reserved 1048576K
}
Event: 1511.753 GC heap before
{Heap before GC invocations=62 (full 7):
 garbage-first heap   total 147456K, used 112156K [0x0000000083600000, 0x0000000100000000)
  region size 1024K, 66 young (67584K), 7 survivors (7168K)
 Metaspace       used 94900K, committed 95744K, reserved 1179648K
  class space    used 11767K, committed 12160K, reserved 1048576K
}
Event: 1511.758 GC heap after
{Heap after GC invocations=63 (full 7):
 garbage-first heap   total 147456K, used 53037K [0x0000000083600000, 0x0000000100000000)
  region size 1024K, 2 young (2048K), 2 survivors (2048K)
 Metaspace       used 94900K, committed 95744K, reserved 1179648K
  class space    used 11767K, committed 12160K, reserved 1048576K
}
Event: 1852.209 GC heap before
{Heap before GC invocations=63 (full 7):
 garbage-first heap   total 147456K, used 114477K [0x0000000083600000, 0x0000000100000000)
  region size 1024K, 62 young (63488K), 2 survivors (2048K)
 Metaspace       used 94915K, committed 95744K, reserved 1179648K
  class space    used 11767K, committed 12160K, reserved 1048576K
}
Event: 1852.212 GC heap after
{Heap after GC invocations=64 (full 7):
 garbage-first heap   total 147456K, used 52966K [0x0000000083600000, 0x0000000100000000)
  region size 1024K, 2 young (2048K), 2 survivors (2048K)
 Metaspace       used 94915K, committed 95744K, reserved 1179648K
  class space    used 11767K, committed 12160K, reserved 1048576K
}
Event: 2057.151 GC heap before
{Heap before GC invocations=64 (full 7):
 garbage-first heap   total 147456K, used 90854K [0x0000000083600000, 0x0000000100000000)
  region size 1024K, 40 young (40960K), 2 survivors (2048K)
 Metaspace       used 94923K, committed 95744K, reserved 1179648K
  class space    used 11767K, committed 12160K, reserved 1048576K
}
Event: 2057.604 GC heap after
{Heap after GC invocations=65 (full 8):
 garbage-first heap   total 147456K, used 46113K [0x0000000083600000, 0x0000000100000000)
  region size 1024K, 0 young (0K), 0 survivors (0K)
 Metaspace       used 94914K, committed 95744K, reserved 1179648K
  class space    used 11766K, committed 12160K, reserved 1048576K
}
Event: 2060.813 GC heap before
{Heap before GC invocations=65 (full 8):
 garbage-first heap   total 147456K, used 109601K [0x0000000083600000, 0x0000000100000000)
  region size 1024K, 64 young (65536K), 0 survivors (0K)
 Metaspace       used 95419K, committed 96256K, reserved 1179648K
  class space    used 11826K, committed 12224K, reserved 1048576K
}
Event: 2060.910 GC heap after
{Heap after GC invocations=66 (full 9):
 garbage-first heap   total 137216K, used 39882K [0x0000000083600000, 0x0000000100000000)
  region size 1024K, 0 young (0K), 0 survivors (0K)
 Metaspace       used 95209K, committed 96256K, reserved 1179648K
  class space    used 11776K, committed 12224K, reserved 1048576K
}
Event: 2061.609 GC heap before
{Heap before GC invocations=66 (full 9):
 garbage-first heap   total 137216K, used 107466K [0x0000000083600000, 0x0000000100000000)
  region size 1024K, 67 young (68608K), 0 survivors (0K)
 Metaspace       used 95788K, committed 96576K, reserved 1179648K
  class space    used 11828K, committed 12224K, reserved 1048576K
}
Event: 2061.626 GC heap after
{Heap after GC invocations=67 (full 9):
 garbage-first heap   total 137216K, used 45276K [0x0000000083600000, 0x0000000100000000)
  region size 1024K, 6 young (6144K), 6 survivors (6144K)
 Metaspace       used 95788K, committed 96576K, reserved 1179648K
  class space    used 11828K, committed 12224K, reserved 1048576K
}

