# JRE version: Java(TM) SE Runtime Environment (17.0.11+7) (build 17.0.11+7-LTS-207)
# Java VM: Java HotSpot(TM) 64-Bit Server VM (17.0.11+7-LTS-207, mixed mode, sharing, tiered, compressed oops, compressed class ptrs, g1 gc, windows-amd64)
GC Precious Log:
 CPUs: 8 total, 8 available
 Memory: 7975M
 Large Page Support: Disabled
 NUMA Support: Disabled
 Compressed Oops: Enabled (32-bit)
 Heap Region Size: 1M
 Heap Min Capacity: 8M
 Heap Initial Capacity: 126M
 Heap Max Capacity: 1994M
 Pre-touch: Disabled
 Parallel Workers: 8
 Concurrent Workers: 2
 Concurrent Refinement Workers: 8
 Periodic GC: Disabled
Heap:
 garbage-first heap   total 263168K, used 150664K [0x0000000083600000, 0x0000000100000000)
  region size 1024K, 100 young (102400K), 19 survivors (19456K)
 Metaspace       used 31585K, committed 32000K, reserved 1114112K
  class space    used 3410K, committed 3584K, reserved 1048576K
GC Heap History (20 events):
Event: 4.269 GC heap before
{Heap before GC invocations=2 (full 0):
 garbage-first heap   total 129024K, used 79848K [0x0000000083600000, 0x0000000100000000)
  region size 1024K, 75 young (76800K), 3 survivors (3072K)
 Metaspace       used 12740K, committed 12928K, reserved 1114112K
  class space    used 1447K, committed 1536K, reserved 1048576K
}
Event: 4.280 GC heap after
{Heap after GC invocations=3 (full 0):
 garbage-first heap   total 129024K, used 13253K [0x0000000083600000, 0x0000000100000000)
  region size 1024K, 10 young (10240K), 10 survivors (10240K)
 Metaspace       used 12740K, committed 12928K, reserved 1114112K
  class space    used 1447K, committed 1536K, reserved 1048576K
}
Event: 5.472 GC heap before
{Heap before GC invocations=3 (full 0):
 garbage-first heap   total 129024K, used 62405K [0x0000000083600000, 0x0000000100000000)
  region size 1024K, 55 young (56320K), 10 survivors (10240K)
 Metaspace       used 21257K, committed 21504K, reserved 1114112K
  class space    used 2455K, committed 2560K, reserved 1048576K
}
Event: 5.487 GC heap after
{Heap after GC invocations=4 (full 0):
 garbage-first heap   total 129024K, used 23270K [0x0000000083600000, 0x0000000100000000)
  region size 1024K, 7 young (7168K), 7 survivors (7168K)
 Metaspace       used 21257K, committed 21504K, reserved 1114112K
  class space    used 2455K, committed 2560K, reserved 1048576K
}
Event: 6.155 GC heap before
{Heap before GC invocations=5 (full 0):
 garbage-first heap   total 86016K, used 66278K [0x0000000083600000, 0x0000000100000000)
  region size 1024K, 49 young (50176K), 7 survivors (7168K)
 Metaspace       used 23551K, committed 23744K, reserved 1114112K
  class space    used 2660K, committed 2752K, reserved 1048576K
}
Event: 6.198 GC heap after
{Heap after GC invocations=6 (full 0):
 garbage-first heap   total 90112K, used 37094K [0x0000000083600000, 0x0000000100000000)
  region size 1024K, 7 young (7168K), 7 survivors (7168K)
 Metaspace       used 23551K, committed 23744K, reserved 1114112K
  class space    used 2660K, committed 2752K, reserved 1048576K
}
Event: 6.209 GC heap before
{Heap before GC invocations=6 (full 0):
 garbage-first heap   total 90112K, used 38118K [0x0000000083600000, 0x0000000100000000)
  region size 1024K, 8 young (8192K), 7 survivors (7168K)
 Metaspace       used 23566K, committed 23808K, reserved 1114112K
  class space    used 2660K, committed 2752K, reserved 1048576K
}
Event: 6.227 GC heap after
{Heap after GC invocations=7 (full 0):
 garbage-first heap   total 110592K, used 38400K [0x0000000083600000, 0x0000000100000000)
  region size 1024K, 1 young (1024K), 1 survivors (1024K)
 Metaspace       used 23566K, committed 23808K, reserved 1114112K
  class space    used 2660K, committed 2752K, reserved 1048576K
}
Event: 7.255 GC heap before
{Heap before GC invocations=7 (full 0):
 garbage-first heap   total 110592K, used 75264K [0x0000000083600000, 0x0000000100000000)
  region size 1024K, 38 young (38912K), 1 survivors (1024K)
 Metaspace       used 25159K, committed 25472K, reserved 1114112K
  class space    used 2798K, committed 2944K, reserved 1048576K
}
Event: 7.265 GC heap after
{Heap after GC invocations=8 (full 0):
 garbage-first heap   total 110592K, used 40952K [0x0000000083600000, 0x0000000100000000)
  region size 1024K, 4 young (4096K), 4 survivors (4096K)
 Metaspace       used 25159K, committed 25472K, reserved 1114112K
  class space    used 2798K, committed 2944K, reserved 1048576K
}
Event: 7.763 GC heap before
{Heap before GC invocations=8 (full 0):
 garbage-first heap   total 110592K, used 78840K [0x0000000083600000, 0x0000000100000000)
  region size 1024K, 41 young (41984K), 4 survivors (4096K)
 Metaspace       used 26453K, committed 26816K, reserved 1114112K
  class space    used 2941K, committed 3136K, reserved 1048576K
}
Event: 7.773 GC heap after
{Heap after GC invocations=9 (full 0):
 garbage-first heap   total 110592K, used 42282K [0x0000000083600000, 0x0000000100000000)
  region size 1024K, 2 young (2048K), 2 survivors (2048K)
 Metaspace       used 26453K, committed 26816K, reserved 1114112K
  class space    used 2941K, committed 3136K, reserved 1048576K
}
Event: 7.981 GC heap before
{Heap before GC invocations=9 (full 0):
 garbage-first heap   total 110592K, used 82218K [0x0000000083600000, 0x0000000100000000)
  region size 1024K, 41 young (41984K), 2 survivors (2048K)
 Metaspace       used 26702K, committed 27072K, reserved 1114112K
  class space    used 2946K, committed 3136K, reserved 1048576K
}
Event: 7.988 GC heap after
{Heap after GC invocations=10 (full 0):
 garbage-first heap   total 110592K, used 44032K [0x0000000083600000, 0x0000000100000000)
  region size 1024K, 3 young (3072K), 3 survivors (3072K)
 Metaspace       used 26702K, committed 27072K, reserved 1114112K
  class space    used 2946K, committed 3136K, reserved 1048576K
}
Event: 8.095 GC heap before
{Heap before GC invocations=10 (full 0):
 garbage-first heap   total 110592K, used 84992K [0x0000000083600000, 0x0000000100000000)
  region size 1024K, 43 young (44032K), 3 survivors (3072K)
 Metaspace       used 26749K, committed 27136K, reserved 1114112K
  class space    used 2949K, committed 3136K, reserved 1048576K
}
Event: 8.103 GC heap after
{Heap after GC invocations=11 (full 0):
 garbage-first heap   total 110592K, used 45811K [0x0000000083600000, 0x0000000100000000)
  region size 1024K, 5 young (5120K), 5 survivors (5120K)
 Metaspace       used 26749K, committed 27136K, reserved 1114112K
  class space    used 2949K, committed 3136K, reserved 1048576K
}
Event: 8.230 GC heap before
{Heap before GC invocations=11 (full 0):
 garbage-first heap   total 110592K, used 86771K [0x0000000083600000, 0x0000000100000000)
  region size 1024K, 45 young (46080K), 5 survivors (5120K)
 Metaspace       used 26818K, committed 27200K, reserved 1114112K
  class space    used 2949K, committed 3136K, reserved 1048576K
}
Event: 8.238 GC heap after
{Heap after GC invocations=12 (full 0):
 garbage-first heap   total 263168K, used 45984K [0x0000000083600000, 0x0000000100000000)
  region size 1024K, 2 young (2048K), 2 survivors (2048K)
 Metaspace       used 26818K, committed 27200K, reserved 1114112K
  class space    used 2949K, committed 3136K, reserved 1048576K
}
Event: 9.879 GC heap before
{Heap before GC invocations=12 (full 0):
 garbage-first heap   total 263168K, used 202656K [0x0000000083600000, 0x0000000100000000)
  region size 1024K, 151 young (154624K), 2 survivors (2048K)
 Metaspace       used 29308K, committed 29632K, reserved 1114112K
  class space    used 3175K, committed 3328K, reserved 1048576K
}
Event: 9.893 GC heap after
{Heap after GC invocations=13 (full 0):
 garbage-first heap   total 263168K, used 69768K [0x0000000083600000, 0x0000000100000000)
  region size 1024K, 19 young (19456K), 19 survivors (19456K)
 Metaspace       used 29308K, committed 29632K, reserved 1114112K
  class space    used 3175K, committed 3328K, reserved 1048576K
}

