# JRE version: OpenJDK Runtime Environment Temurin-21.0.8+9 (21.0.8+9) (build 21.0.8+9-LTS)
# Java VM: OpenJDK 64-Bit Server VM Temurin-21.0.8+9 (21.0.8+9-LTS, mixed mode, sharing, tiered, compressed oops, compressed class ptrs, parallel gc, windows-amd64)
GC Precious Log:
 CardTable entry size: 512
 CPUs: 8 total, 8 available
 Memory: 7975M
 Large Page Support: Disabled
 NUMA Support: Disabled
 Compressed Oops: Enabled (32-bit)
 Alignments: Space 512K, Generation 512K, Heap 2M
 Heap Min Capacity: 100M
 Heap Initial Capacity: 100M
 Heap Max Capacity: 2G
 Pre-touch: Disabled
 Parallel Workers: 8
Heap:
 PSYoungGen      total 18944K, used 5413K [0x00000000d5580000, 0x00000000d6980000, 0x0000000100000000)
  eden space 17408K, 24% used [0x00000000d5580000,0x00000000d59bdf00,0x00000000d6680000)
  from space 1536K, 69% used [0x00000000d6680000,0x00000000d678b658,0x00000000d6800000)
  to   space 1536K, 0% used [0x00000000d6800000,0x00000000d6800000,0x00000000d6980000)
 ParOldGen       total 68608K, used 46971K [0x0000000080000000, 0x0000000084300000, 0x00000000d5580000)
  object space 68608K, 68% used [0x0000000080000000,0x0000000082dded88,0x0000000084300000)
 Metaspace       used 53402K, committed 54784K, reserved 1114112K
  class space    used 5799K, committed 6400K, reserved 1048576K
GC Heap History (20 events):
Event: 25.391 GC heap before
{Heap before GC invocations=26 (full 2):
 PSYoungGen      total 20480K, used 20347K [0x00000000d5580000, 0x00000000d6e80000, 0x0000000100000000)
  eden space 18432K, 99% used [0x00000000d5580000,0x00000000d6766f40,0x00000000d6780000)
  from space 2048K, 98% used [0x00000000d6900000,0x00000000d6af8010,0x00000000d6b00000)
  to   space 3584K, 0% used [0x00000000d6b00000,0x00000000d6b00000,0x00000000d6e80000)
 ParOldGen       total 68608K, used 32233K [0x0000000080000000, 0x0000000084300000, 0x00000000d5580000)
  object space 68608K, 46% used [0x0000000080000000,0x0000000081f7a4f8,0x0000000084300000)
 Metaspace       used 48539K, committed 49856K, reserved 1114112K
  class space    used 5304K, committed 5888K, reserved 1048576K
}
Event: 25.395 GC heap after
{Heap after GC invocations=26 (full 2):
 PSYoungGen      total 20992K, used 2129K [0x00000000d5580000, 0x00000000d6d80000, 0x0000000100000000)
  eden space 18432K, 0% used [0x00000000d5580000,0x00000000d5580000,0x00000000d6780000)
  from space 2560K, 83% used [0x00000000d6b00000,0x00000000d6d14410,0x00000000d6d80000)
  to   space 2560K, 0% used [0x00000000d6880000,0x00000000d6880000,0x00000000d6b00000)
 ParOldGen       total 68608K, used 34137K [0x0000000080000000, 0x0000000084300000, 0x00000000d5580000)
  object space 68608K, 49% used [0x0000000080000000,0x0000000082156508,0x0000000084300000)
 Metaspace       used 48539K, committed 49856K, reserved 1114112K
  class space    used 5304K, committed 5888K, reserved 1048576K
}
Event: 25.464 GC heap before
{Heap before GC invocations=27 (full 2):
 PSYoungGen      total 20992K, used 20561K [0x00000000d5580000, 0x00000000d6d80000, 0x0000000100000000)
  eden space 18432K, 100% used [0x00000000d5580000,0x00000000d6780000,0x00000000d6780000)
  from space 2560K, 83% used [0x00000000d6b00000,0x00000000d6d14410,0x00000000d6d80000)
  to   space 2560K, 0% used [0x00000000d6880000,0x00000000d6880000,0x00000000d6b00000)
 ParOldGen       total 68608K, used 34137K [0x0000000080000000, 0x0000000084300000, 0x00000000d5580000)
  object space 68608K, 49% used [0x0000000080000000,0x0000000082156508,0x0000000084300000)
 Metaspace       used 48555K, committed 49920K, reserved 1114112K
  class space    used 5304K, committed 5888K, reserved 1048576K
}
Event: 25.468 GC heap after
{Heap after GC invocations=27 (full 2):
 PSYoungGen      total 20992K, used 2242K [0x00000000d5580000, 0x00000000d6c80000, 0x0000000100000000)
  eden space 18432K, 0% used [0x00000000d5580000,0x00000000d5580000,0x00000000d6780000)
  from space 2560K, 87% used [0x00000000d6880000,0x00000000d6ab0810,0x00000000d6b00000)
  to   space 1536K, 0% used [0x00000000d6b00000,0x00000000d6b00000,0x00000000d6c80000)
 ParOldGen       total 68608K, used 36132K [0x0000000080000000, 0x0000000084300000, 0x00000000d5580000)
  object space 68608K, 52% used [0x0000000080000000,0x0000000082349200,0x0000000084300000)
 Metaspace       used 48555K, committed 49920K, reserved 1114112K
  class space    used 5304K, committed 5888K, reserved 1048576K
}
Event: 25.512 GC heap before
{Heap before GC invocations=28 (full 2):
 PSYoungGen      total 20992K, used 20674K [0x00000000d5580000, 0x00000000d6c80000, 0x0000000100000000)
  eden space 18432K, 100% used [0x00000000d5580000,0x00000000d6780000,0x00000000d6780000)
  from space 2560K, 87% used [0x00000000d6880000,0x00000000d6ab0810,0x00000000d6b00000)
  to   space 1536K, 0% used [0x00000000d6b00000,0x00000000d6b00000,0x00000000d6c80000)
 ParOldGen       total 68608K, used 36132K [0x0000000080000000, 0x0000000084300000, 0x00000000d5580000)
  object space 68608K, 52% used [0x0000000080000000,0x0000000082349200,0x0000000084300000)
 Metaspace       used 48563K, committed 49920K, reserved 1114112K
  class space    used 5304K, committed 5888K, reserved 1048576K
}
Event: 25.517 GC heap after
{Heap after GC invocations=28 (full 2):
 PSYoungGen      total 18944K, used 1508K [0x00000000d5580000, 0x00000000d7080000, 0x0000000100000000)
  eden space 17408K, 0% used [0x00000000d5580000,0x00000000d5580000,0x00000000d6680000)
  from space 1536K, 98% used [0x00000000d6b00000,0x00000000d6c79000,0x00000000d6c80000)
  to   space 4608K, 0% used [0x00000000d6680000,0x00000000d6680000,0x00000000d6b00000)
 ParOldGen       total 68608K, used 38658K [0x0000000080000000, 0x0000000084300000, 0x00000000d5580000)
  object space 68608K, 56% used [0x0000000080000000,0x00000000825c0bc0,0x0000000084300000)
 Metaspace       used 48563K, committed 49920K, reserved 1114112K
  class space    used 5304K, committed 5888K, reserved 1048576K
}
Event: 25.596 GC heap before
{Heap before GC invocations=29 (full 2):
 PSYoungGen      total 18944K, used 18916K [0x00000000d5580000, 0x00000000d7080000, 0x0000000100000000)
  eden space 17408K, 100% used [0x00000000d5580000,0x00000000d6680000,0x00000000d6680000)
  from space 1536K, 98% used [0x00000000d6b00000,0x00000000d6c79000,0x00000000d6c80000)
  to   space 4608K, 0% used [0x00000000d6680000,0x00000000d6680000,0x00000000d6b00000)
 ParOldGen       total 68608K, used 38658K [0x0000000080000000, 0x0000000084300000, 0x00000000d5580000)
  object space 68608K, 56% used [0x0000000080000000,0x00000000825c0bc0,0x0000000084300000)
 Metaspace       used 48583K, committed 49920K, reserved 1114112K
  class space    used 5304K, committed 5888K, reserved 1048576K
}
Event: 25.601 GC heap after
{Heap after GC invocations=29 (full 2):
 PSYoungGen      total 19968K, used 2080K [0x00000000d5580000, 0x00000000d6c80000, 0x0000000100000000)
  eden space 17408K, 0% used [0x00000000d5580000,0x00000000d5580000,0x00000000d6680000)
  from space 2560K, 81% used [0x00000000d6680000,0x00000000d6888010,0x00000000d6900000)
  to   space 3072K, 0% used [0x00000000d6980000,0x00000000d6980000,0x00000000d6c80000)
 ParOldGen       total 68608K, used 40179K [0x0000000080000000, 0x0000000084300000, 0x00000000d5580000)
  object space 68608K, 58% used [0x0000000080000000,0x000000008273ccc0,0x0000000084300000)
 Metaspace       used 48583K, committed 49920K, reserved 1114112K
  class space    used 5304K, committed 5888K, reserved 1048576K
}
Event: 25.673 GC heap before
{Heap before GC invocations=30 (full 2):
 PSYoungGen      total 19968K, used 19488K [0x00000000d5580000, 0x00000000d6c80000, 0x0000000100000000)
  eden space 17408K, 100% used [0x00000000d5580000,0x00000000d6680000,0x00000000d6680000)
  from space 2560K, 81% used [0x00000000d6680000,0x00000000d6888010,0x00000000d6900000)
  to   space 3072K, 0% used [0x00000000d6980000,0x00000000d6980000,0x00000000d6c80000)
 ParOldGen       total 68608K, used 40179K [0x0000000080000000, 0x0000000084300000, 0x00000000d5580000)
  object space 68608K, 58% used [0x0000000080000000,0x000000008273ccc0,0x0000000084300000)
 Metaspace       used 48610K, committed 49920K, reserved 1114112K
  class space    used 5304K, committed 5888K, reserved 1048576K
}
Event: 25.677 GC heap after
{Heap after GC invocations=30 (full 2):
 PSYoungGen      total 19456K, used 1784K [0x00000000d5580000, 0x00000000d6b80000, 0x0000000100000000)
  eden space 17408K, 0% used [0x00000000d5580000,0x00000000d5580000,0x00000000d6680000)
  from space 2048K, 87% used [0x00000000d6980000,0x00000000d6b3e200,0x00000000d6b80000)
  to   space 2048K, 0% used [0x00000000d6780000,0x00000000d6780000,0x00000000d6980000)
 ParOldGen       total 68608K, used 42115K [0x0000000080000000, 0x0000000084300000, 0x00000000d5580000)
  object space 68608K, 61% used [0x0000000080000000,0x0000000082920cd0,0x0000000084300000)
 Metaspace       used 48610K, committed 49920K, reserved 1114112K
  class space    used 5304K, committed 5888K, reserved 1048576K
}
Event: 26.009 GC heap before
{Heap before GC invocations=31 (full 2):
 PSYoungGen      total 19456K, used 19192K [0x00000000d5580000, 0x00000000d6b80000, 0x0000000100000000)
  eden space 17408K, 100% used [0x00000000d5580000,0x00000000d6680000,0x00000000d6680000)
  from space 2048K, 87% used [0x00000000d6980000,0x00000000d6b3e200,0x00000000d6b80000)
  to   space 2048K, 0% used [0x00000000d6780000,0x00000000d6780000,0x00000000d6980000)
 ParOldGen       total 68608K, used 42115K [0x0000000080000000, 0x0000000084300000, 0x00000000d5580000)
  object space 68608K, 61% used [0x0000000080000000,0x0000000082920cd0,0x0000000084300000)
 Metaspace       used 49921K, committed 51200K, reserved 1114112K
  class space    used 5479K, committed 6016K, reserved 1048576K
}
Event: 26.013 GC heap after
{Heap after GC invocations=31 (full 2):
 PSYoungGen      total 18944K, used 1268K [0x00000000d5580000, 0x00000000d6a00000, 0x0000000100000000)
  eden space 17408K, 0% used [0x00000000d5580000,0x00000000d5580000,0x00000000d6680000)
  from space 1536K, 82% used [0x00000000d6780000,0x00000000d68bd3e8,0x00000000d6900000)
  to   space 1024K, 0% used [0x00000000d6900000,0x00000000d6900000,0x00000000d6a00000)
 ParOldGen       total 68608K, used 43771K [0x0000000080000000, 0x0000000084300000, 0x00000000d5580000)
  object space 68608K, 63% used [0x0000000080000000,0x0000000082abeed0,0x0000000084300000)
 Metaspace       used 49921K, committed 51200K, reserved 1114112K
  class space    used 5479K, committed 6016K, reserved 1048576K
}
Event: 26.305 GC heap before
{Heap before GC invocations=32 (full 2):
 PSYoungGen      total 18944K, used 18676K [0x00000000d5580000, 0x00000000d6a00000, 0x0000000100000000)
  eden space 17408K, 100% used [0x00000000d5580000,0x00000000d6680000,0x00000000d6680000)
  from space 1536K, 82% used [0x00000000d6780000,0x00000000d68bd3e8,0x00000000d6900000)
  to   space 1024K, 0% used [0x00000000d6900000,0x00000000d6900000,0x00000000d6a00000)
 ParOldGen       total 68608K, used 43771K [0x0000000080000000, 0x0000000084300000, 0x00000000d5580000)
  object space 68608K, 63% used [0x0000000080000000,0x0000000082abeed0,0x0000000084300000)
 Metaspace       used 51268K, committed 52544K, reserved 1114112K
  class space    used 5612K, committed 6144K, reserved 1048576K
}
Event: 26.307 GC heap after
{Heap after GC invocations=32 (full 2):
 PSYoungGen      total 17920K, used 352K [0x00000000d5580000, 0x00000000d6980000, 0x0000000100000000)
  eden space 17408K, 0% used [0x00000000d5580000,0x00000000d5580000,0x00000000d6680000)
  from space 512K, 68% used [0x00000000d6900000,0x00000000d6958000,0x00000000d6980000)
  to   space 1024K, 0% used [0x00000000d6780000,0x00000000d6780000,0x00000000d6880000)
 ParOldGen       total 68608K, used 44879K [0x0000000080000000, 0x0000000084300000, 0x00000000d5580000)
  object space 68608K, 65% used [0x0000000080000000,0x0000000082bd3fd0,0x0000000084300000)
 Metaspace       used 51268K, committed 52544K, reserved 1114112K
  class space    used 5612K, committed 6144K, reserved 1048576K
}
Event: 26.581 GC heap before
{Heap before GC invocations=33 (full 2):
 PSYoungGen      total 17920K, used 17760K [0x00000000d5580000, 0x00000000d6980000, 0x0000000100000000)
  eden space 17408K, 100% used [0x00000000d5580000,0x00000000d6680000,0x00000000d6680000)
  from space 512K, 68% used [0x00000000d6900000,0x00000000d6958000,0x00000000d6980000)
  to   space 1024K, 0% used [0x00000000d6780000,0x00000000d6780000,0x00000000d6880000)
 ParOldGen       total 68608K, used 44879K [0x0000000080000000, 0x0000000084300000, 0x00000000d5580000)
  object space 68608K, 65% used [0x0000000080000000,0x0000000082bd3fd0,0x0000000084300000)
 Metaspace       used 52627K, committed 54016K, reserved 1114112K
  class space    used 5730K, committed 6336K, reserved 1048576K
}
Event: 26.583 GC heap after
{Heap after GC invocations=33 (full 2):
 PSYoungGen      total 18432K, used 416K [0x00000000d5580000, 0x00000000d6980000, 0x0000000100000000)
  eden space 17408K, 0% used [0x00000000d5580000,0x00000000d5580000,0x00000000d6680000)
  from space 1024K, 40% used [0x00000000d6780000,0x00000000d67e8000,0x00000000d6880000)
  to   space 512K, 0% used [0x00000000d6900000,0x00000000d6900000,0x00000000d6980000)
 ParOldGen       total 68608K, used 45143K [0x0000000080000000, 0x0000000084300000, 0x00000000d5580000)
  object space 68608K, 65% used [0x0000000080000000,0x0000000082c15fd0,0x0000000084300000)
 Metaspace       used 52627K, committed 54016K, reserved 1114112K
  class space    used 5730K, committed 6336K, reserved 1048576K
}
Event: 26.638 GC heap before
{Heap before GC invocations=34 (full 2):
 PSYoungGen      total 18432K, used 17824K [0x00000000d5580000, 0x00000000d6980000, 0x0000000100000000)
  eden space 17408K, 100% used [0x00000000d5580000,0x00000000d6680000,0x00000000d6680000)
  from space 1024K, 40% used [0x00000000d6780000,0x00000000d67e8000,0x00000000d6880000)
  to   space 512K, 0% used [0x00000000d6900000,0x00000000d6900000,0x00000000d6980000)
 ParOldGen       total 68608K, used 45143K [0x0000000080000000, 0x0000000084300000, 0x00000000d5580000)
  object space 68608K, 65% used [0x0000000080000000,0x0000000082c15fd0,0x0000000084300000)
 Metaspace       used 52658K, committed 54016K, reserved 1114112K
  class space    used 5731K, committed 6336K, reserved 1048576K
}
Event: 26.640 GC heap after
{Heap after GC invocations=34 (full 2):
 PSYoungGen      total 17920K, used 483K [0x00000000d5580000, 0x00000000d6b80000, 0x0000000100000000)
  eden space 17408K, 0% used [0x00000000d5580000,0x00000000d5580000,0x00000000d6680000)
  from space 512K, 94% used [0x00000000d6900000,0x00000000d6978f60,0x00000000d6980000)
  to   space 2560K, 0% used [0x00000000d6680000,0x00000000d6680000,0x00000000d6900000)
 ParOldGen       total 68608K, used 46668K [0x0000000080000000, 0x0000000084300000, 0x00000000d5580000)
  object space 68608K, 68% used [0x0000000080000000,0x0000000082d93210,0x0000000084300000)
 Metaspace       used 52658K, committed 54016K, reserved 1114112K
  class space    used 5731K, committed 6336K, reserved 1048576K
}
Event: 26.679 GC heap before
{Heap before GC invocations=35 (full 2):
 PSYoungGen      total 17920K, used 17891K [0x00000000d5580000, 0x00000000d6b80000, 0x0000000100000000)
  eden space 17408K, 100% used [0x00000000d5580000,0x00000000d6680000,0x00000000d6680000)
  from space 512K, 94% used [0x00000000d6900000,0x00000000d6978f60,0x00000000d6980000)
  to   space 2560K, 0% used [0x00000000d6680000,0x00000000d6680000,0x00000000d6900000)
 ParOldGen       total 68608K, used 46668K [0x0000000080000000, 0x0000000084300000, 0x00000000d5580000)
  object space 68608K, 68% used [0x0000000080000000,0x0000000082d93210,0x0000000084300000)
 Metaspace       used 52665K, committed 54016K, reserved 1114112K
  class space    used 5731K, committed 6336K, reserved 1048576K
}
Event: 26.681 GC heap after
{Heap after GC invocations=35 (full 2):
 PSYoungGen      total 18944K, used 1069K [0x00000000d5580000, 0x00000000d6980000, 0x0000000100000000)
  eden space 17408K, 0% used [0x00000000d5580000,0x00000000d5580000,0x00000000d6680000)
  from space 1536K, 69% used [0x00000000d6680000,0x00000000d678b658,0x00000000d6800000)
  to   space 1536K, 0% used [0x00000000d6800000,0x00000000d6800000,0x00000000d6980000)
 ParOldGen       total 68608K, used 46971K [0x0000000080000000, 0x0000000084300000, 0x00000000d5580000)
  object space 68608K, 68% used [0x0000000080000000,0x0000000082dded88,0x0000000084300000)
 Metaspace       used 52665K, committed 54016K, reserved 1114112K
  class space    used 5731K, committed 6336K, reserved 1048576K
}

