# JRE version: OpenJDK Runtime Environment Temurin-21.0.7+6 (21.0.7+6) (build 21.0.7+6-LTS)
# Java VM: OpenJDK 64-Bit Server VM Temurin-21.0.7+6 (21.0.7+6-LTS, mixed mode, sharing, tiered, compressed oops, compressed class ptrs, parallel gc, windows-amd64)
GC Precious Log:
 CardTable entry size: 512
 CPUs: 8 total, 8 available
 Memory: 7975M
 Large Page Support: Disabled
 NUMA Support: Disabled
 Compressed Oops: Enabled (32-bit)
 Alignments: Space 512K, Generation 512K, Heap 2M
 Heap Min Capacity: 100M
 Heap Initial Capacity: 100M
 Heap Max Capacity: 1G
 Pre-touch: Disabled
 Parallel Workers: 8
Heap:
 PSYoungGen      total 19968K, used 12776K [0x00000000eab00000, 0x00000000ec200000, 0x0000000100000000)
  eden space 17408K, 60% used [0x00000000eab00000,0x00000000eb53a1a0,0x00000000ebc00000)
  from space 2560K, 90% used [0x00000000ebc00000,0x00000000ebe40040,0x00000000ebe80000)
  to   space 3072K, 0% used [0x00000000ebf00000,0x00000000ebf00000,0x00000000ec200000)
 ParOldGen       total 68608K, used 48148K [0x00000000c0000000, 0x00000000c4300000, 0x00000000eab00000)
  object space 68608K, 70% used [0x00000000c0000000,0x00000000c2f050d8,0x00000000c4300000)
 Metaspace       used 44906K, committed 45952K, reserved 1114112K
  class space    used 4261K, committed 4736K, reserved 1048576K
GC Heap History (20 events):
Event: 23.806 GC heap before
{Heap before GC invocations=26 (full 2):
 PSYoungGen      total 22016K, used 21616K [0x00000000eab00000, 0x00000000ec200000, 0x0000000100000000)
  eden space 20480K, 100% used [0x00000000eab00000,0x00000000ebf00000,0x00000000ebf00000)
  from space 1536K, 73% used [0x00000000ebf00000,0x00000000ec01c030,0x00000000ec080000)
  to   space 1536K, 0% used [0x00000000ec080000,0x00000000ec080000,0x00000000ec200000)
 ParOldGen       total 68608K, used 33062K [0x00000000c0000000, 0x00000000c4300000, 0x00000000eab00000)
  object space 68608K, 48% used [0x00000000c0000000,0x00000000c2049bb8,0x00000000c4300000)
 Metaspace       used 43073K, committed 44224K, reserved 1114112K
  class space    used 4189K, committed 4736K, reserved 1048576K
}
Event: 23.809 GC heap after
{Heap after GC invocations=26 (full 2):
 PSYoungGen      total 20480K, used 1508K [0x00000000eab00000, 0x00000000ec500000, 0x0000000100000000)
  eden space 18944K, 0% used [0x00000000eab00000,0x00000000eab00000,0x00000000ebd80000)
  from space 1536K, 98% used [0x00000000ec080000,0x00000000ec1f9268,0x00000000ec200000)
  to   space 3072K, 0% used [0x00000000ebd80000,0x00000000ebd80000,0x00000000ec080000)
 ParOldGen       total 68608K, used 34054K [0x00000000c0000000, 0x00000000c4300000, 0x00000000eab00000)
  object space 68608K, 49% used [0x00000000c0000000,0x00000000c2141b20,0x00000000c4300000)
 Metaspace       used 43073K, committed 44224K, reserved 1114112K
  class space    used 4189K, committed 4736K, reserved 1048576K
}
Event: 24.487 GC heap before
{Heap before GC invocations=27 (full 2):
 PSYoungGen      total 20480K, used 20452K [0x00000000eab00000, 0x00000000ec500000, 0x0000000100000000)
  eden space 18944K, 100% used [0x00000000eab00000,0x00000000ebd80000,0x00000000ebd80000)
  from space 1536K, 98% used [0x00000000ec080000,0x00000000ec1f9268,0x00000000ec200000)
  to   space 3072K, 0% used [0x00000000ebd80000,0x00000000ebd80000,0x00000000ec080000)
 ParOldGen       total 68608K, used 34054K [0x00000000c0000000, 0x00000000c4300000, 0x00000000eab00000)
  object space 68608K, 49% used [0x00000000c0000000,0x00000000c2141b20,0x00000000c4300000)
 Metaspace       used 43247K, committed 44352K, reserved 1114112K
  class space    used 4190K, committed 4736K, reserved 1048576K
}
Event: 24.495 GC heap after
{Heap after GC invocations=27 (full 2):
 PSYoungGen      total 20480K, used 1280K [0x00000000eab00000, 0x00000000ec180000, 0x0000000100000000)
  eden space 18944K, 0% used [0x00000000eab00000,0x00000000eab00000,0x00000000ebd80000)
  from space 1536K, 83% used [0x00000000ebd80000,0x00000000ebec0040,0x00000000ebf00000)
  to   space 2048K, 0% used [0x00000000ebf80000,0x00000000ebf80000,0x00000000ec180000)
 ParOldGen       total 68608K, used 35545K [0x00000000c0000000, 0x00000000c4300000, 0x00000000eab00000)
  object space 68608K, 51% used [0x00000000c0000000,0x00000000c22b6468,0x00000000c4300000)
 Metaspace       used 43247K, committed 44352K, reserved 1114112K
  class space    used 4190K, committed 4736K, reserved 1048576K
}
Event: 25.848 GC heap before
{Heap before GC invocations=28 (full 2):
 PSYoungGen      total 20480K, used 20224K [0x00000000eab00000, 0x00000000ec180000, 0x0000000100000000)
  eden space 18944K, 100% used [0x00000000eab00000,0x00000000ebd80000,0x00000000ebd80000)
  from space 1536K, 83% used [0x00000000ebd80000,0x00000000ebec0040,0x00000000ebf00000)
  to   space 2048K, 0% used [0x00000000ebf80000,0x00000000ebf80000,0x00000000ec180000)
 ParOldGen       total 68608K, used 35545K [0x00000000c0000000, 0x00000000c4300000, 0x00000000eab00000)
  object space 68608K, 51% used [0x00000000c0000000,0x00000000c22b6468,0x00000000c4300000)
 Metaspace       used 43422K, committed 44608K, reserved 1114112K
  class space    used 4195K, committed 4736K, reserved 1048576K
}
Event: 25.852 GC heap after
{Heap after GC invocations=28 (full 2):
 PSYoungGen      total 20480K, used 1472K [0x00000000eab00000, 0x00000000ec100000, 0x0000000100000000)
  eden space 18944K, 0% used [0x00000000eab00000,0x00000000eab00000,0x00000000ebd80000)
  from space 1536K, 95% used [0x00000000ebf80000,0x00000000ec0f0010,0x00000000ec100000)
  to   space 1536K, 0% used [0x00000000ebd80000,0x00000000ebd80000,0x00000000ebf00000)
 ParOldGen       total 68608K, used 36709K [0x00000000c0000000, 0x00000000c4300000, 0x00000000eab00000)
  object space 68608K, 53% used [0x00000000c0000000,0x00000000c23d9538,0x00000000c4300000)
 Metaspace       used 43422K, committed 44608K, reserved 1114112K
  class space    used 4195K, committed 4736K, reserved 1048576K
}
Event: 26.604 GC heap before
{Heap before GC invocations=29 (full 2):
 PSYoungGen      total 20480K, used 20416K [0x00000000eab00000, 0x00000000ec100000, 0x0000000100000000)
  eden space 18944K, 100% used [0x00000000eab00000,0x00000000ebd80000,0x00000000ebd80000)
  from space 1536K, 95% used [0x00000000ebf80000,0x00000000ec0f0010,0x00000000ec100000)
  to   space 1536K, 0% used [0x00000000ebd80000,0x00000000ebd80000,0x00000000ebf00000)
 ParOldGen       total 68608K, used 36709K [0x00000000c0000000, 0x00000000c4300000, 0x00000000eab00000)
  object space 68608K, 53% used [0x00000000c0000000,0x00000000c23d9538,0x00000000c4300000)
 Metaspace       used 43864K, committed 44992K, reserved 1114112K
  class space    used 4228K, committed 4736K, reserved 1048576K
}
Event: 26.609 GC heap after
{Heap after GC invocations=29 (full 2):
 PSYoungGen      total 20480K, used 1516K [0x00000000eab00000, 0x00000000ec780000, 0x0000000100000000)
  eden space 18944K, 0% used [0x00000000eab00000,0x00000000eab00000,0x00000000ebd80000)
  from space 1536K, 98% used [0x00000000ebd80000,0x00000000ebefb2f0,0x00000000ebf00000)
  to   space 5120K, 0% used [0x00000000ec280000,0x00000000ec280000,0x00000000ec780000)
 ParOldGen       total 68608K, used 39367K [0x00000000c0000000, 0x00000000c4300000, 0x00000000eab00000)
  object space 68608K, 57% used [0x00000000c0000000,0x00000000c2671e48,0x00000000c4300000)
 Metaspace       used 43864K, committed 44992K, reserved 1114112K
  class space    used 4228K, committed 4736K, reserved 1048576K
}
Event: 26.728 GC heap before
{Heap before GC invocations=30 (full 2):
 PSYoungGen      total 20480K, used 20460K [0x00000000eab00000, 0x00000000ec780000, 0x0000000100000000)
  eden space 18944K, 100% used [0x00000000eab00000,0x00000000ebd80000,0x00000000ebd80000)
  from space 1536K, 98% used [0x00000000ebd80000,0x00000000ebefb2f0,0x00000000ebf00000)
  to   space 5120K, 0% used [0x00000000ec280000,0x00000000ec280000,0x00000000ec780000)
 ParOldGen       total 68608K, used 39367K [0x00000000c0000000, 0x00000000c4300000, 0x00000000eab00000)
  object space 68608K, 57% used [0x00000000c0000000,0x00000000c2671e48,0x00000000c4300000)
 Metaspace       used 43925K, committed 45056K, reserved 1114112K
  class space    used 4229K, committed 4736K, reserved 1048576K
}
Event: 26.733 GC heap after
{Heap after GC invocations=30 (full 2):
 PSYoungGen      total 20992K, used 1968K [0x00000000eab00000, 0x00000000ec480000, 0x0000000100000000)
  eden space 18944K, 0% used [0x00000000eab00000,0x00000000eab00000,0x00000000ebd80000)
  from space 2048K, 96% used [0x00000000ec280000,0x00000000ec46c010,0x00000000ec480000)
  to   space 3072K, 0% used [0x00000000ebe80000,0x00000000ebe80000,0x00000000ec180000)
 ParOldGen       total 68608K, used 40949K [0x00000000c0000000, 0x00000000c4300000, 0x00000000eab00000)
  object space 68608K, 59% used [0x00000000c0000000,0x00000000c27fd468,0x00000000c4300000)
 Metaspace       used 43925K, committed 45056K, reserved 1114112K
  class space    used 4229K, committed 4736K, reserved 1048576K
}
Event: 27.004 GC heap before
{Heap before GC invocations=31 (full 2):
 PSYoungGen      total 20992K, used 20912K [0x00000000eab00000, 0x00000000ec480000, 0x0000000100000000)
  eden space 18944K, 100% used [0x00000000eab00000,0x00000000ebd80000,0x00000000ebd80000)
  from space 2048K, 96% used [0x00000000ec280000,0x00000000ec46c010,0x00000000ec480000)
  to   space 3072K, 0% used [0x00000000ebe80000,0x00000000ebe80000,0x00000000ec180000)
 ParOldGen       total 68608K, used 40949K [0x00000000c0000000, 0x00000000c4300000, 0x00000000eab00000)
  object space 68608K, 59% used [0x00000000c0000000,0x00000000c27fd468,0x00000000c4300000)
 Metaspace       used 44047K, committed 45120K, reserved 1114112K
  class space    used 4229K, committed 4736K, reserved 1048576K
}
Event: 27.008 GC heap after
{Heap after GC invocations=31 (full 2):
 PSYoungGen      total 20992K, used 1959K [0x00000000eab00000, 0x00000000ec300000, 0x0000000100000000)
  eden space 18944K, 0% used [0x00000000eab00000,0x00000000eab00000,0x00000000ebd80000)
  from space 2048K, 95% used [0x00000000ebe80000,0x00000000ec069de0,0x00000000ec080000)
  to   space 2560K, 0% used [0x00000000ec080000,0x00000000ec080000,0x00000000ec300000)
 ParOldGen       total 68608K, used 42841K [0x00000000c0000000, 0x00000000c4300000, 0x00000000eab00000)
  object space 68608K, 62% used [0x00000000c0000000,0x00000000c29d65f8,0x00000000c4300000)
 Metaspace       used 44047K, committed 45120K, reserved 1114112K
  class space    used 4229K, committed 4736K, reserved 1048576K
}
Event: 27.139 GC heap before
{Heap before GC invocations=32 (full 2):
 PSYoungGen      total 20992K, used 20903K [0x00000000eab00000, 0x00000000ec300000, 0x0000000100000000)
  eden space 18944K, 100% used [0x00000000eab00000,0x00000000ebd80000,0x00000000ebd80000)
  from space 2048K, 95% used [0x00000000ebe80000,0x00000000ec069de0,0x00000000ec080000)
  to   space 2560K, 0% used [0x00000000ec080000,0x00000000ec080000,0x00000000ec300000)
 ParOldGen       total 68608K, used 42841K [0x00000000c0000000, 0x00000000c4300000, 0x00000000eab00000)
  object space 68608K, 62% used [0x00000000c0000000,0x00000000c29d65f8,0x00000000c4300000)
 Metaspace       used 44157K, committed 45248K, reserved 1114112K
  class space    used 4229K, committed 4736K, reserved 1048576K
}
Event: 27.142 GC heap after
{Heap after GC invocations=32 (full 2):
 PSYoungGen      total 19968K, used 768K [0x00000000eab00000, 0x00000000ec180000, 0x0000000100000000)
  eden space 18944K, 0% used [0x00000000eab00000,0x00000000eab00000,0x00000000ebd80000)
  from space 1024K, 75% used [0x00000000ec080000,0x00000000ec140000,0x00000000ec180000)
  to   space 1536K, 0% used [0x00000000ebe80000,0x00000000ebe80000,0x00000000ec000000)
 ParOldGen       total 68608K, used 44454K [0x00000000c0000000, 0x00000000c4300000, 0x00000000eab00000)
  object space 68608K, 64% used [0x00000000c0000000,0x00000000c2b69a88,0x00000000c4300000)
 Metaspace       used 44157K, committed 45248K, reserved 1114112K
  class space    used 4229K, committed 4736K, reserved 1048576K
}
Event: 27.271 GC heap before
{Heap before GC invocations=33 (full 2):
 PSYoungGen      total 19968K, used 19712K [0x00000000eab00000, 0x00000000ec180000, 0x0000000100000000)
  eden space 18944K, 100% used [0x00000000eab00000,0x00000000ebd80000,0x00000000ebd80000)
  from space 1024K, 75% used [0x00000000ec080000,0x00000000ec140000,0x00000000ec180000)
  to   space 1536K, 0% used [0x00000000ebe80000,0x00000000ebe80000,0x00000000ec000000)
 ParOldGen       total 68608K, used 44454K [0x00000000c0000000, 0x00000000c4300000, 0x00000000eab00000)
  object space 68608K, 64% used [0x00000000c0000000,0x00000000c2b69a88,0x00000000c4300000)
 Metaspace       used 44270K, committed 45376K, reserved 1114112K
  class space    used 4230K, committed 4736K, reserved 1048576K
}
Event: 27.273 GC heap after
{Heap after GC invocations=33 (full 2):
 PSYoungGen      total 20480K, used 624K [0x00000000eab00000, 0x00000000ec100000, 0x0000000100000000)
  eden space 18944K, 0% used [0x00000000eab00000,0x00000000eab00000,0x00000000ebd80000)
  from space 1536K, 40% used [0x00000000ebe80000,0x00000000ebf1c010,0x00000000ec000000)
  to   space 1024K, 0% used [0x00000000ec000000,0x00000000ec000000,0x00000000ec100000)
 ParOldGen       total 68608K, used 45027K [0x00000000c0000000, 0x00000000c4300000, 0x00000000eab00000)
  object space 68608K, 65% used [0x00000000c0000000,0x00000000c2bf8cb8,0x00000000c4300000)
 Metaspace       used 44270K, committed 45376K, reserved 1114112K
  class space    used 4230K, committed 4736K, reserved 1048576K
}
Event: 27.702 GC heap before
{Heap before GC invocations=34 (full 2):
 PSYoungGen      total 20480K, used 19568K [0x00000000eab00000, 0x00000000ec100000, 0x0000000100000000)
  eden space 18944K, 100% used [0x00000000eab00000,0x00000000ebd80000,0x00000000ebd80000)
  from space 1536K, 40% used [0x00000000ebe80000,0x00000000ebf1c010,0x00000000ec000000)
  to   space 1024K, 0% used [0x00000000ec000000,0x00000000ec000000,0x00000000ec100000)
 ParOldGen       total 68608K, used 45027K [0x00000000c0000000, 0x00000000c4300000, 0x00000000eab00000)
  object space 68608K, 65% used [0x00000000c0000000,0x00000000c2bf8cb8,0x00000000c4300000)
 Metaspace       used 44353K, committed 45440K, reserved 1114112K
  class space    used 4232K, committed 4736K, reserved 1048576K
}
Event: 27.711 GC heap after
{Heap after GC invocations=34 (full 2):
 PSYoungGen      total 18432K, used 992K [0x00000000eab00000, 0x00000000ec580000, 0x0000000100000000)
  eden space 17408K, 0% used [0x00000000eab00000,0x00000000eab00000,0x00000000ebc00000)
  from space 1024K, 96% used [0x00000000ec000000,0x00000000ec0f83a0,0x00000000ec100000)
  to   space 4096K, 0% used [0x00000000ebc00000,0x00000000ebc00000,0x00000000ec000000)
 ParOldGen       total 68608K, used 47184K [0x00000000c0000000, 0x00000000c4300000, 0x00000000eab00000)
  object space 68608K, 68% used [0x00000000c0000000,0x00000000c2e142b8,0x00000000c4300000)
 Metaspace       used 44353K, committed 45440K, reserved 1114112K
  class space    used 4232K, committed 4736K, reserved 1048576K
}
Event: 28.068 GC heap before
{Heap before GC invocations=35 (full 2):
 PSYoungGen      total 18432K, used 18400K [0x00000000eab00000, 0x00000000ec580000, 0x0000000100000000)
  eden space 17408K, 100% used [0x00000000eab00000,0x00000000ebc00000,0x00000000ebc00000)
  from space 1024K, 96% used [0x00000000ec000000,0x00000000ec0f83a0,0x00000000ec100000)
  to   space 4096K, 0% used [0x00000000ebc00000,0x00000000ebc00000,0x00000000ec000000)
 ParOldGen       total 68608K, used 47184K [0x00000000c0000000, 0x00000000c4300000, 0x00000000eab00000)
  object space 68608K, 68% used [0x00000000c0000000,0x00000000c2e142b8,0x00000000c4300000)
 Metaspace       used 44582K, committed 45696K, reserved 1114112K
  class space    used 4237K, committed 4736K, reserved 1048576K
}
Event: 28.075 GC heap after
{Heap after GC invocations=35 (full 2):
 PSYoungGen      total 19968K, used 2304K [0x00000000eab00000, 0x00000000ec200000, 0x0000000100000000)
  eden space 17408K, 0% used [0x00000000eab00000,0x00000000eab00000,0x00000000ebc00000)
  from space 2560K, 90% used [0x00000000ebc00000,0x00000000ebe40040,0x00000000ebe80000)
  to   space 3072K, 0% used [0x00000000ebf00000,0x00000000ebf00000,0x00000000ec200000)
 ParOldGen       total 68608K, used 48148K [0x00000000c0000000, 0x00000000c4300000, 0x00000000eab00000)
  object space 68608K, 70% used [0x00000000c0000000,0x00000000c2f050d8,0x00000000c4300000)
 Metaspace       used 44582K, committed 45696K, reserved 1114112K
  class space    used 4237K, committed 4736K, reserved 1048576K
}

