# JRE version: OpenJDK Runtime Environment Temurin-21.0.7+6 (21.0.7+6) (build 21.0.7+6-LTS)
# Java VM: OpenJDK 64-Bit Server VM Temurin-21.0.7+6 (21.0.7+6-LTS, mixed mode, sharing, tiered, compressed oops, compressed class ptrs, parallel gc, windows-amd64)
GC Precious Log:
 CardTable entry size: 512
 CPUs: 8 total, 8 available
 Memory: 7975M
 Large Page Support: Disabled
 NUMA Support: Disabled
 Compressed Oops: Enabled (32-bit)
 Alignments: Space 512K, Generation 512K, Heap 2M
 Heap Min Capacity: 100M
 Heap Initial Capacity: 100M
 Heap Max Capacity: 1G
 Pre-touch: Disabled
 Parallel Workers: 8
Heap:
 PSYoungGen      total 5120K, used 547K [0x00000000eab00000, 0x00000000eb180000, 0x0000000100000000)
  eden space 4608K, 1% used [0x00000000eab00000,0x00000000eab0bd10,0x00000000eaf80000)
  from space 512K, 97% used [0x00000000eb000000,0x00000000eb07d220,0x00000000eb080000)
  to   space 1024K, 0% used [0x00000000eb080000,0x00000000eb080000,0x00000000eb180000)
 ParOldGen       total 676864K, used 231279K [0x00000000c0000000, 0x00000000e9500000, 0x00000000eab00000)
  object space 676864K, 34% used [0x00000000c0000000,0x00000000ce1dbd68,0x00000000e9500000)
 Metaspace       used 74454K, committed 75968K, reserved 1179648K
  class space    used 7430K, committed 8128K, reserved 1048576K
GC Heap History (20 events):
Event: 110.533 GC heap before
{Heap before GC invocations=1445 (full 4):
 PSYoungGen      total 6656K, used 6226K [0x00000000eab00000, 0x00000000eb480000, 0x0000000100000000)
  eden space 4608K, 100% used [0x00000000eab00000,0x00000000eaf80000,0x00000000eaf80000)
  from space 2048K, 79% used [0x00000000eb280000,0x00000000eb414808,0x00000000eb480000)
  to   space 2048K, 0% used [0x00000000eb080000,0x00000000eb080000,0x00000000eb280000)
 ParOldGen       total 676864K, used 221485K [0x00000000c0000000, 0x00000000e9500000, 0x00000000eab00000)
  object space 676864K, 32% used [0x00000000c0000000,0x00000000cd84b488,0x00000000e9500000)
 Metaspace       used 72274K, committed 73792K, reserved 1179648K
  class space    used 7234K, committed 7936K, reserved 1048576K
}
Event: 110.537 GC heap after
{Heap after GC invocations=1445 (full 4):
 PSYoungGen      total 6656K, used 1891K [0x00000000eab00000, 0x00000000eb380000, 0x0000000100000000)
  eden space 4608K, 0% used [0x00000000eab00000,0x00000000eab00000,0x00000000eaf80000)
  from space 2048K, 92% used [0x00000000eb080000,0x00000000eb258c60,0x00000000eb280000)
  to   space 1024K, 0% used [0x00000000eb280000,0x00000000eb280000,0x00000000eb380000)
 ParOldGen       total 676864K, used 222970K [0x00000000c0000000, 0x00000000e9500000, 0x00000000eab00000)
  object space 676864K, 32% used [0x00000000c0000000,0x00000000cd9be9f8,0x00000000e9500000)
 Metaspace       used 72274K, committed 73792K, reserved 1179648K
  class space    used 7234K, committed 7936K, reserved 1048576K
}
Event: 110.559 GC heap before
{Heap before GC invocations=1446 (full 4):
 PSYoungGen      total 6656K, used 5783K [0x00000000eab00000, 0x00000000eb380000, 0x0000000100000000)
  eden space 4608K, 84% used [0x00000000eab00000,0x00000000eaecd398,0x00000000eaf80000)
  from space 2048K, 92% used [0x00000000eb080000,0x00000000eb258c60,0x00000000eb280000)
  to   space 1024K, 0% used [0x00000000eb280000,0x00000000eb280000,0x00000000eb380000)
 ParOldGen       total 676864K, used 222970K [0x00000000c0000000, 0x00000000e9500000, 0x00000000eab00000)
  object space 676864K, 32% used [0x00000000c0000000,0x00000000cd9be9f8,0x00000000e9500000)
 Metaspace       used 72275K, committed 73792K, reserved 1179648K
  class space    used 7234K, committed 7936K, reserved 1048576K
}
Event: 110.563 GC heap after
{Heap after GC invocations=1446 (full 4):
 PSYoungGen      total 5632K, used 1024K [0x00000000eab00000, 0x00000000eb580000, 0x0000000100000000)
  eden space 4608K, 0% used [0x00000000eab00000,0x00000000eab00000,0x00000000eaf80000)
  from space 1024K, 100% used [0x00000000eb280000,0x00000000eb380000,0x00000000eb380000)
  to   space 3072K, 0% used [0x00000000eaf80000,0x00000000eaf80000,0x00000000eb280000)
 ParOldGen       total 676864K, used 224665K [0x00000000c0000000, 0x00000000e9500000, 0x00000000eab00000)
  object space 676864K, 33% used [0x00000000c0000000,0x00000000cdb66408,0x00000000e9500000)
 Metaspace       used 72275K, committed 73792K, reserved 1179648K
  class space    used 7234K, committed 7936K, reserved 1048576K
}
Event: 110.621 GC heap before
{Heap before GC invocations=1447 (full 4):
 PSYoungGen      total 5632K, used 5632K [0x00000000eab00000, 0x00000000eb580000, 0x0000000100000000)
  eden space 4608K, 100% used [0x00000000eab00000,0x00000000eaf80000,0x00000000eaf80000)
  from space 1024K, 100% used [0x00000000eb280000,0x00000000eb380000,0x00000000eb380000)
  to   space 3072K, 0% used [0x00000000eaf80000,0x00000000eaf80000,0x00000000eb280000)
 ParOldGen       total 676864K, used 224665K [0x00000000c0000000, 0x00000000e9500000, 0x00000000eab00000)
  object space 676864K, 33% used [0x00000000c0000000,0x00000000cdb66408,0x00000000e9500000)
 Metaspace       used 72275K, committed 73792K, reserved 1179648K
  class space    used 7234K, committed 7936K, reserved 1048576K
}
Event: 110.629 GC heap after
{Heap after GC invocations=1447 (full 4):
 PSYoungGen      total 6656K, used 2002K [0x00000000eab00000, 0x00000000eb480000, 0x0000000100000000)
  eden space 4608K, 0% used [0x00000000eab00000,0x00000000eab00000,0x00000000eaf80000)
  from space 2048K, 97% used [0x00000000eaf80000,0x00000000eb174810,0x00000000eb180000)
  to   space 2560K, 0% used [0x00000000eb200000,0x00000000eb200000,0x00000000eb480000)
 ParOldGen       total 676864K, used 225600K [0x00000000c0000000, 0x00000000e9500000, 0x00000000eab00000)
  object space 676864K, 33% used [0x00000000c0000000,0x00000000cdc50090,0x00000000e9500000)
 Metaspace       used 72275K, committed 73792K, reserved 1179648K
  class space    used 7234K, committed 7936K, reserved 1048576K
}
Event: 110.693 GC heap before
{Heap before GC invocations=1448 (full 4):
 PSYoungGen      total 6656K, used 6610K [0x00000000eab00000, 0x00000000eb480000, 0x0000000100000000)
  eden space 4608K, 100% used [0x00000000eab00000,0x00000000eaf80000,0x00000000eaf80000)
  from space 2048K, 97% used [0x00000000eaf80000,0x00000000eb174810,0x00000000eb180000)
  to   space 2560K, 0% used [0x00000000eb200000,0x00000000eb200000,0x00000000eb480000)
 ParOldGen       total 676864K, used 225600K [0x00000000c0000000, 0x00000000e9500000, 0x00000000eab00000)
  object space 676864K, 33% used [0x00000000c0000000,0x00000000cdc50090,0x00000000e9500000)
 Metaspace       used 72275K, committed 73792K, reserved 1179648K
  class space    used 7234K, committed 7936K, reserved 1048576K
}
Event: 110.698 GC heap after
{Heap after GC invocations=1448 (full 4):
 PSYoungGen      total 6144K, used 1472K [0x00000000eab00000, 0x00000000eb380000, 0x0000000100000000)
  eden space 4608K, 0% used [0x00000000eab00000,0x00000000eab00000,0x00000000eaf80000)
  from space 1536K, 95% used [0x00000000eb200000,0x00000000eb370000,0x00000000eb380000)
  to   space 2048K, 0% used [0x00000000eaf80000,0x00000000eaf80000,0x00000000eb180000)
 ParOldGen       total 676864K, used 227476K [0x00000000c0000000, 0x00000000e9500000, 0x00000000eab00000)
  object space 676864K, 33% used [0x00000000c0000000,0x00000000cde25168,0x00000000e9500000)
 Metaspace       used 72275K, committed 73792K, reserved 1179648K
  class space    used 7234K, committed 7936K, reserved 1048576K
}
Event: 110.749 GC heap before
{Heap before GC invocations=1449 (full 4):
 PSYoungGen      total 6144K, used 6079K [0x00000000eab00000, 0x00000000eb380000, 0x0000000100000000)
  eden space 4608K, 99% used [0x00000000eab00000,0x00000000eaf7fff8,0x00000000eaf80000)
  from space 1536K, 95% used [0x00000000eb200000,0x00000000eb370000,0x00000000eb380000)
  to   space 2048K, 0% used [0x00000000eaf80000,0x00000000eaf80000,0x00000000eb180000)
 ParOldGen       total 676864K, used 227476K [0x00000000c0000000, 0x00000000e9500000, 0x00000000eab00000)
  object space 676864K, 33% used [0x00000000c0000000,0x00000000cde25168,0x00000000e9500000)
 Metaspace       used 72537K, committed 74048K, reserved 1179648K
  class space    used 7258K, committed 7936K, reserved 1048576K
}
Event: 110.753 GC heap after
{Heap after GC invocations=1449 (full 4):
 PSYoungGen      total 5632K, used 792K [0x00000000eab00000, 0x00000000eb280000, 0x0000000100000000)
  eden space 4608K, 0% used [0x00000000eab00000,0x00000000eab00000,0x00000000eaf80000)
  from space 1024K, 77% used [0x00000000eaf80000,0x00000000eb0463d8,0x00000000eb080000)
  to   space 1536K, 0% used [0x00000000eb100000,0x00000000eb100000,0x00000000eb280000)
 ParOldGen       total 676864K, used 228702K [0x00000000c0000000, 0x00000000e9500000, 0x00000000eab00000)
  object space 676864K, 33% used [0x00000000c0000000,0x00000000cdf57830,0x00000000e9500000)
 Metaspace       used 72537K, committed 74048K, reserved 1179648K
  class space    used 7258K, committed 7936K, reserved 1048576K
}
Event: 110.857 GC heap before
{Heap before GC invocations=1450 (full 4):
 PSYoungGen      total 5632K, used 5400K [0x00000000eab00000, 0x00000000eb280000, 0x0000000100000000)
  eden space 4608K, 100% used [0x00000000eab00000,0x00000000eaf80000,0x00000000eaf80000)
  from space 1024K, 77% used [0x00000000eaf80000,0x00000000eb0463d8,0x00000000eb080000)
  to   space 1536K, 0% used [0x00000000eb100000,0x00000000eb100000,0x00000000eb280000)
 ParOldGen       total 676864K, used 228702K [0x00000000c0000000, 0x00000000e9500000, 0x00000000eab00000)
  object space 676864K, 33% used [0x00000000c0000000,0x00000000cdf57830,0x00000000e9500000)
 Metaspace       used 73350K, committed 74880K, reserved 1179648K
  class space    used 7317K, committed 8000K, reserved 1048576K
}
Event: 110.867 GC heap after
{Heap after GC invocations=1450 (full 4):
 PSYoungGen      total 5120K, used 432K [0x00000000eab00000, 0x00000000eb180000, 0x0000000100000000)
  eden space 4608K, 0% used [0x00000000eab00000,0x00000000eab00000,0x00000000eaf80000)
  from space 512K, 84% used [0x00000000eb100000,0x00000000eb16c010,0x00000000eb180000)
  to   space 1024K, 0% used [0x00000000eaf80000,0x00000000eaf80000,0x00000000eb080000)
 ParOldGen       total 676864K, used 229323K [0x00000000c0000000, 0x00000000e9500000, 0x00000000eab00000)
  object space 676864K, 33% used [0x00000000c0000000,0x00000000cdff2f40,0x00000000e9500000)
 Metaspace       used 73350K, committed 74880K, reserved 1179648K
  class space    used 7317K, committed 8000K, reserved 1048576K
}
Event: 111.019 GC heap before
{Heap before GC invocations=1451 (full 4):
 PSYoungGen      total 5120K, used 4932K [0x00000000eab00000, 0x00000000eb180000, 0x0000000100000000)
  eden space 4608K, 97% used [0x00000000eab00000,0x00000000eaf650f8,0x00000000eaf80000)
  from space 512K, 84% used [0x00000000eb100000,0x00000000eb16c010,0x00000000eb180000)
  to   space 1024K, 0% used [0x00000000eaf80000,0x00000000eaf80000,0x00000000eb080000)
 ParOldGen       total 676864K, used 229323K [0x00000000c0000000, 0x00000000e9500000, 0x00000000eab00000)
  object space 676864K, 33% used [0x00000000c0000000,0x00000000cdff2f40,0x00000000e9500000)
 Metaspace       used 73438K, committed 75008K, reserved 1179648K
  class space    used 7330K, committed 8064K, reserved 1048576K
}
Event: 111.024 GC heap after
{Heap after GC invocations=1451 (full 4):
 PSYoungGen      total 5632K, used 736K [0x00000000eab00000, 0x00000000eb180000, 0x0000000100000000)
  eden space 4608K, 0% used [0x00000000eab00000,0x00000000eab00000,0x00000000eaf80000)
  from space 1024K, 71% used [0x00000000eaf80000,0x00000000eb038040,0x00000000eb080000)
  to   space 1024K, 0% used [0x00000000eb080000,0x00000000eb080000,0x00000000eb180000)
 ParOldGen       total 676864K, used 229656K [0x00000000c0000000, 0x00000000e9500000, 0x00000000eab00000)
  object space 676864K, 33% used [0x00000000c0000000,0x00000000ce046210,0x00000000e9500000)
 Metaspace       used 73438K, committed 75008K, reserved 1179648K
  class space    used 7330K, committed 8064K, reserved 1048576K
}
Event: 111.077 GC heap before
{Heap before GC invocations=1452 (full 4):
 PSYoungGen      total 5632K, used 5344K [0x00000000eab00000, 0x00000000eb180000, 0x0000000100000000)
  eden space 4608K, 100% used [0x00000000eab00000,0x00000000eaf80000,0x00000000eaf80000)
  from space 1024K, 71% used [0x00000000eaf80000,0x00000000eb038040,0x00000000eb080000)
  to   space 1024K, 0% used [0x00000000eb080000,0x00000000eb080000,0x00000000eb180000)
 ParOldGen       total 676864K, used 229656K [0x00000000c0000000, 0x00000000e9500000, 0x00000000eab00000)
  object space 676864K, 33% used [0x00000000c0000000,0x00000000ce046210,0x00000000e9500000)
 Metaspace       used 73447K, committed 75008K, reserved 1179648K
  class space    used 7332K, committed 8064K, reserved 1048576K
}
Event: 111.083 GC heap after
{Heap after GC invocations=1452 (full 4):
 PSYoungGen      total 5632K, used 805K [0x00000000eab00000, 0x00000000eb180000, 0x0000000100000000)
  eden space 4608K, 0% used [0x00000000eab00000,0x00000000eab00000,0x00000000eaf80000)
  from space 1024K, 78% used [0x00000000eb080000,0x00000000eb149418,0x00000000eb180000)
  to   space 1024K, 0% used [0x00000000eaf80000,0x00000000eaf80000,0x00000000eb080000)
 ParOldGen       total 676864K, used 230263K [0x00000000c0000000, 0x00000000e9500000, 0x00000000eab00000)
  object space 676864K, 34% used [0x00000000c0000000,0x00000000ce0dde50,0x00000000e9500000)
 Metaspace       used 73447K, committed 75008K, reserved 1179648K
  class space    used 7332K, committed 8064K, reserved 1048576K
}
Event: 111.106 GC heap before
{Heap before GC invocations=1453 (full 4):
 PSYoungGen      total 5632K, used 5291K [0x00000000eab00000, 0x00000000eb180000, 0x0000000100000000)
  eden space 4608K, 97% used [0x00000000eab00000,0x00000000eaf61950,0x00000000eaf80000)
  from space 1024K, 78% used [0x00000000eb080000,0x00000000eb149418,0x00000000eb180000)
  to   space 1024K, 0% used [0x00000000eaf80000,0x00000000eaf80000,0x00000000eb080000)
 ParOldGen       total 676864K, used 230263K [0x00000000c0000000, 0x00000000e9500000, 0x00000000eab00000)
  object space 676864K, 34% used [0x00000000c0000000,0x00000000ce0dde50,0x00000000e9500000)
 Metaspace       used 73485K, committed 75008K, reserved 1179648K
  class space    used 7336K, committed 8064K, reserved 1048576K
}
Event: 111.109 GC heap after
{Heap after GC invocations=1453 (full 4):
 PSYoungGen      total 5632K, used 288K [0x00000000eab00000, 0x00000000eb100000, 0x0000000100000000)
  eden space 4608K, 0% used [0x00000000eab00000,0x00000000eab00000,0x00000000eaf80000)
  from space 1024K, 28% used [0x00000000eaf80000,0x00000000eafc8000,0x00000000eb080000)
  to   space 512K, 0% used [0x00000000eb080000,0x00000000eb080000,0x00000000eb100000)
 ParOldGen       total 676864K, used 230855K [0x00000000c0000000, 0x00000000e9500000, 0x00000000eab00000)
  object space 676864K, 34% used [0x00000000c0000000,0x00000000ce171d58,0x00000000e9500000)
 Metaspace       used 73485K, committed 75008K, reserved 1179648K
  class space    used 7336K, committed 8064K, reserved 1048576K
}
Event: 111.288 GC heap before
{Heap before GC invocations=1454 (full 4):
 PSYoungGen      total 5632K, used 4851K [0x00000000eab00000, 0x00000000eb100000, 0x0000000100000000)
  eden space 4608K, 99% used [0x00000000eab00000,0x00000000eaf74c20,0x00000000eaf80000)
  from space 1024K, 28% used [0x00000000eaf80000,0x00000000eafc8000,0x00000000eb080000)
  to   space 512K, 0% used [0x00000000eb080000,0x00000000eb080000,0x00000000eb100000)
 ParOldGen       total 676864K, used 230855K [0x00000000c0000000, 0x00000000e9500000, 0x00000000eab00000)
  object space 676864K, 34% used [0x00000000c0000000,0x00000000ce171d58,0x00000000e9500000)
 Metaspace       used 74148K, committed 75712K, reserved 1179648K
  class space    used 7405K, committed 8128K, reserved 1048576K
}
Event: 111.291 GC heap after
{Heap after GC invocations=1454 (full 4):
 PSYoungGen      total 5120K, used 306K [0x00000000eab00000, 0x00000000eb100000, 0x0000000100000000)
  eden space 4608K, 0% used [0x00000000eab00000,0x00000000eab00000,0x00000000eaf80000)
  from space 512K, 59% used [0x00000000eb080000,0x00000000eb0cca50,0x00000000eb100000)
  to   space 512K, 0% used [0x00000000eb000000,0x00000000eb000000,0x00000000eb080000)
 ParOldGen       total 676864K, used 231063K [0x00000000c0000000, 0x00000000e9500000, 0x00000000eab00000)
  object space 676864K, 34% used [0x00000000c0000000,0x00000000ce1a5d58,0x00000000e9500000)
 Metaspace       used 74148K, committed 75712K, reserved 1179648K
  class space    used 7405K, committed 8128K, reserved 1048576K
}

